mode: atomic
github.com/hadnu/arcanum/cmd/server/main.go:200.13,204.16 3 0
github.com/hadnu/arcanum/cmd/server/main.go:204.16,206.3 1 0
github.com/hadnu/arcanum/cmd/server/main.go:208.2,212.16 4 0
github.com/hadnu/arcanum/cmd/server/main.go:212.16,214.3 1 0
github.com/hadnu/arcanum/cmd/server/main.go:215.2,225.49 7 0
github.com/hadnu/arcanum/cmd/server/main.go:225.49,227.3 1 0
github.com/hadnu/arcanum/cmd/server/main.go:230.2,231.69 2 0
github.com/hadnu/arcanum/cmd/server/main.go:231.69,233.3 1 0
github.com/hadnu/arcanum/cmd/server/main.go:234.2,237.16 3 0
github.com/hadnu/arcanum/cmd/server/main.go:237.16,239.3 1 0
github.com/hadnu/arcanum/cmd/server/main.go:240.2,242.45 2 0
github.com/hadnu/arcanum/cmd/server/main.go:242.45,244.3 1 0
github.com/hadnu/arcanum/cmd/server/main.go:246.2,246.60 1 0
github.com/hadnu/arcanum/cmd/server/main.go:246.60,248.3 1 0
github.com/hadnu/arcanum/cmd/server/main.go:249.2,252.49 3 0
github.com/hadnu/arcanum/cmd/server/main.go:252.49,253.69 1 0
github.com/hadnu/arcanum/cmd/server/main.go:253.69,255.4 1 0
github.com/hadnu/arcanum/cmd/server/main.go:255.9,257.4 1 0
github.com/hadnu/arcanum/cmd/server/main.go:258.8,260.3 1 0
github.com/hadnu/arcanum/cmd/server/main.go:262.2,262.95 1 0
github.com/hadnu/arcanum/cmd/server/main.go:262.95,264.3 1 0
github.com/hadnu/arcanum/cmd/server/main.go:266.2,307.12 28 0
github.com/hadnu/arcanum/cmd/server/main.go:307.12,309.66 2 0
github.com/hadnu/arcanum/cmd/server/main.go:309.66,311.4 1 0
github.com/hadnu/arcanum/cmd/server/main.go:314.2,321.45 7 0
github.com/hadnu/arcanum/cmd/server/main.go:321.45,323.3 1 0
github.com/hadnu/arcanum/cmd/server/main.go:326.73,327.46 1 0
github.com/hadnu/arcanum/cmd/server/main.go:327.46,328.72 1 0
github.com/hadnu/arcanum/cmd/server/main.go:328.72,331.46 3 0
github.com/hadnu/arcanum/cmd/server/main.go:331.46,332.32 1 0
github.com/hadnu/arcanum/cmd/server/main.go:332.32,334.11 2 0
github.com/hadnu/arcanum/cmd/server/main.go:337.4,337.15 1 0
github.com/hadnu/arcanum/cmd/server/main.go:337.15,339.5 1 0
github.com/hadnu/arcanum/cmd/server/main.go:339.10,339.47 1 0
github.com/hadnu/arcanum/cmd/server/main.go:339.47,341.5 1 0
github.com/hadnu/arcanum/cmd/server/main.go:342.4,344.38 3 0
github.com/hadnu/arcanum/cmd/server/main.go:344.38,347.5 2 0
github.com/hadnu/arcanum/cmd/server/main.go:348.4,348.24 1 0
github.com/hadnu/arcanum/cmd/server/main.go:353.71,360.2 2 0
github.com/hadnu/arcanum/cmd/server/main.go:362.63,363.54 1 0
github.com/hadnu/arcanum/cmd/server/main.go:363.54,364.45 1 0
github.com/hadnu/arcanum/cmd/server/main.go:364.45,367.4 2 0
github.com/hadnu/arcanum/cmd/server/main.go:368.3,368.63 1 0
github.com/hadnu/arcanum/cmd/server/main.go:372.68,373.54 1 0
github.com/hadnu/arcanum/cmd/server/main.go:373.54,378.50 1 0
github.com/hadnu/arcanum/cmd/server/main.go:378.50,381.4 2 0
github.com/hadnu/arcanum/cmd/server/main.go:382.3,382.63 1 0
github.com/hadnu/arcanum/cmd/server/main.go:386.72,389.38 2 0
github.com/hadnu/arcanum/cmd/server/main.go:389.38,391.36 2 0
github.com/hadnu/arcanum/cmd/server/main.go:391.36,391.60 1 0
github.com/hadnu/arcanum/cmd/server/main.go:392.3,393.38 2 0
github.com/hadnu/arcanum/cmd/server/main.go:393.38,393.64 1 0
github.com/hadnu/arcanum/cmd/server/main.go:395.3,397.45 3 0
github.com/hadnu/arcanum/cmd/server/main.go:397.45,399.31 2 0
github.com/hadnu/arcanum/cmd/server/main.go:399.31,399.76 1 0
github.com/hadnu/arcanum/cmd/server/main.go:400.4,400.9 1 0
github.com/hadnu/arcanum/cmd/server/main.go:403.3,406.32 4 0
github.com/hadnu/arcanum/cmd/server/main.go:406.32,407.31 1 0
github.com/hadnu/arcanum/cmd/server/main.go:407.31,407.51 1 0
github.com/hadnu/arcanum/cmd/server/main.go:408.4,408.37 1 0
github.com/hadnu/arcanum/cmd/server/main.go:408.37,409.78 1 0
github.com/hadnu/arcanum/cmd/server/main.go:409.78,411.6 1 0
github.com/hadnu/arcanum/cmd/server/main.go:412.5,412.42 1 0
github.com/hadnu/arcanum/cmd/server/main.go:412.42,414.6 1 0
github.com/hadnu/arcanum/cmd/server/main.go:416.4,416.23 1 0
github.com/hadnu/arcanum/cmd/server/main.go:416.23,417.48 1 0
github.com/hadnu/arcanum/cmd/server/main.go:417.48,419.6 1 0
github.com/hadnu/arcanum/cmd/server/main.go:423.3,424.35 2 0
github.com/hadnu/arcanum/cmd/server/main.go:424.35,426.4 1 0
github.com/hadnu/arcanum/cmd/server/main.go:428.3,434.5 1 0
github.com/hadnu/arcanum/cmd/server/main.go:437.2,437.43 1 0
github.com/hadnu/arcanum/cmd/server/main.go:437.43,439.32 2 0
github.com/hadnu/arcanum/cmd/server/main.go:439.32,439.58 1 0
github.com/hadnu/arcanum/cmd/server/main.go:440.3,441.21 2 0
github.com/hadnu/arcanum/cmd/server/main.go:441.21,442.46 1 0
github.com/hadnu/arcanum/cmd/server/main.go:442.46,442.63 1 0
github.com/hadnu/arcanum/cmd/server/main.go:444.3,446.5 1 0
github.com/hadnu/arcanum/cmd/server/main.go:449.2,449.39 1 0
github.com/hadnu/arcanum/cmd/server/main.go:449.39,451.33 2 0
github.com/hadnu/arcanum/cmd/server/main.go:451.33,451.102 1 0
github.com/hadnu/arcanum/cmd/server/main.go:452.3,454.5 1 0
github.com/hadnu/arcanum/cmd/server/main.go:457.2,457.44 1 0
github.com/hadnu/arcanum/cmd/server/main.go:457.44,463.3 2 0
github.com/hadnu/arcanum/cmd/server/main.go:465.2,465.37 1 0
github.com/hadnu/arcanum/cmd/server/main.go:465.37,478.3 2 0
github.com/hadnu/arcanum/cmd/server/main.go:480.2,480.38 1 0
github.com/hadnu/arcanum/cmd/server/main.go:480.38,481.32 1 0
github.com/hadnu/arcanum/cmd/server/main.go:481.32,482.31 1 0
github.com/hadnu/arcanum/cmd/server/main.go:482.31,484.10 2 0
github.com/hadnu/arcanum/cmd/server/main.go:489.2,490.38 2 0
github.com/hadnu/arcanum/cmd/server/main.go:490.38,492.3 1 0
github.com/hadnu/arcanum/cmd/server/main.go:493.2,495.20 2 0
github.com/hadnu/arcanum/cmd/server/main.go:498.71,505.19 5 0
github.com/hadnu/arcanum/cmd/server/main.go:505.19,507.9 2 0
github.com/hadnu/arcanum/cmd/server/main.go:507.9,509.22 2 0
github.com/hadnu/arcanum/cmd/server/main.go:509.22,511.50 2 0
github.com/hadnu/arcanum/cmd/server/main.go:511.50,511.72 1 0
github.com/hadnu/arcanum/cmd/server/main.go:514.4,515.35 2 0
github.com/hadnu/arcanum/cmd/server/main.go:515.35,516.36 1 0
github.com/hadnu/arcanum/cmd/server/main.go:516.36,516.62 2 0
github.com/hadnu/arcanum/cmd/server/main.go:518.4,518.25 1 0
github.com/hadnu/arcanum/cmd/server/main.go:518.25,519.36 1 0
github.com/hadnu/arcanum/cmd/server/main.go:519.36,520.37 1 0
github.com/hadnu/arcanum/cmd/server/main.go:520.37,521.60 1 0
github.com/hadnu/arcanum/cmd/server/main.go:521.60,521.81 1 0
github.com/hadnu/arcanum/cmd/server/main.go:526.4,526.55 1 0
github.com/hadnu/arcanum/cmd/server/main.go:526.55,527.47 1 0
github.com/hadnu/arcanum/cmd/server/main.go:527.47,528.49 1 0
github.com/hadnu/arcanum/cmd/server/main.go:528.49,534.27 2 0
github.com/hadnu/arcanum/cmd/server/main.go:534.27,534.60 1 0
github.com/hadnu/arcanum/cmd/server/main.go:535.7,535.25 1 0
github.com/hadnu/arcanum/cmd/server/main.go:535.25,535.58 1 0
github.com/hadnu/arcanum/cmd/server/main.go:536.7,536.24 1 0
github.com/hadnu/arcanum/cmd/server/main.go:536.24,538.8 1 0
github.com/hadnu/arcanum/cmd/server/main.go:538.13,538.48 1 0
github.com/hadnu/arcanum/cmd/server/main.go:538.48,539.56 1 0
github.com/hadnu/arcanum/cmd/server/main.go:539.56,541.9 1 0
github.com/hadnu/arcanum/cmd/server/main.go:547.8,548.39 1 0
github.com/hadnu/arcanum/cmd/server/main.go:548.39,554.24 2 0
github.com/hadnu/arcanum/cmd/server/main.go:554.24,554.57 1 0
github.com/hadnu/arcanum/cmd/server/main.go:555.4,555.22 1 0
github.com/hadnu/arcanum/cmd/server/main.go:555.22,555.55 1 0
github.com/hadnu/arcanum/cmd/server/main.go:556.4,556.21 1 0
github.com/hadnu/arcanum/cmd/server/main.go:556.21,558.5 1 0
github.com/hadnu/arcanum/cmd/server/main.go:558.10,558.45 1 0
github.com/hadnu/arcanum/cmd/server/main.go:558.45,559.53 1 0
github.com/hadnu/arcanum/cmd/server/main.go:559.53,561.6 1 0
github.com/hadnu/arcanum/cmd/server/main.go:566.2,566.48 1 0
github.com/hadnu/arcanum/cmd/server/main.go:566.48,566.104 1 0
github.com/hadnu/arcanum/cmd/server/main.go:567.2,567.30 1 0
github.com/hadnu/arcanum/cmd/server/main.go:567.30,568.51 1 0
github.com/hadnu/arcanum/cmd/server/main.go:568.51,568.111 1 0
github.com/hadnu/arcanum/cmd/server/main.go:571.2,571.20 1 0
github.com/hadnu/arcanum/cmd/server/main.go:574.73,576.19 2 0
github.com/hadnu/arcanum/cmd/server/main.go:576.19,579.3 2 0
github.com/hadnu/arcanum/cmd/server/main.go:581.2,582.60 2 0
github.com/hadnu/arcanum/cmd/server/main.go:582.60,584.3 1 0
github.com/hadnu/arcanum/cmd/server/main.go:584.8,585.39 1 0
github.com/hadnu/arcanum/cmd/server/main.go:585.39,586.48 1 0
github.com/hadnu/arcanum/cmd/server/main.go:586.48,589.10 3 0
github.com/hadnu/arcanum/cmd/server/main.go:594.2,600.16 2 0
github.com/hadnu/arcanum/cmd/server/main.go:600.16,603.3 2 0
github.com/hadnu/arcanum/cmd/server/main.go:604.2,607.18 3 0
github.com/hadnu/arcanum/cmd/server/main.go:607.18,610.94 3 0
github.com/hadnu/arcanum/cmd/server/main.go:610.94,611.12 1 0
github.com/hadnu/arcanum/cmd/server/main.go:613.3,613.23 1 0
github.com/hadnu/arcanum/cmd/server/main.go:613.23,615.4 1 0
github.com/hadnu/arcanum/cmd/server/main.go:615.9,617.4 1 0
github.com/hadnu/arcanum/cmd/server/main.go:618.3,618.34 1 0
github.com/hadnu/arcanum/cmd/server/main.go:621.2,627.69 2 0
github.com/hadnu/arcanum/cmd/server/main.go:627.69,630.62 3 0
github.com/hadnu/arcanum/cmd/server/main.go:630.62,631.36 1 0
github.com/hadnu/arcanum/cmd/server/main.go:631.36,632.35 1 0
github.com/hadnu/arcanum/cmd/server/main.go:632.35,634.11 2 0
github.com/hadnu/arcanum/cmd/server/main.go:638.3,647.17 4 0
github.com/hadnu/arcanum/cmd/server/main.go:647.17,649.4 1 0
github.com/hadnu/arcanum/cmd/server/main.go:649.9,652.21 3 0
github.com/hadnu/arcanum/cmd/server/main.go:652.21,655.100 3 0
github.com/hadnu/arcanum/cmd/server/main.go:655.100,657.14 2 0
github.com/hadnu/arcanum/cmd/server/main.go:659.5,659.25 1 0
github.com/hadnu/arcanum/cmd/server/main.go:659.25,661.6 1 0
github.com/hadnu/arcanum/cmd/server/main.go:661.11,663.6 1 0
github.com/hadnu/arcanum/cmd/server/main.go:664.5,665.12 2 0
github.com/hadnu/arcanum/cmd/server/main.go:667.4,668.38 2 0
github.com/hadnu/arcanum/cmd/server/main.go:668.38,670.5 1 0
github.com/hadnu/arcanum/cmd/server/main.go:674.2,674.20 1 0
github.com/hadnu/arcanum/cmd/server/main.go:677.81,683.16 2 0
github.com/hadnu/arcanum/cmd/server/main.go:683.16,686.3 2 0
github.com/hadnu/arcanum/cmd/server/main.go:687.2,698.18 4 0
github.com/hadnu/arcanum/cmd/server/main.go:698.18,700.88 2 0
github.com/hadnu/arcanum/cmd/server/main.go:700.88,701.12 1 0
github.com/hadnu/arcanum/cmd/server/main.go:703.3,703.31 1 0
github.com/hadnu/arcanum/cmd/server/main.go:706.2,706.73 1 0
github.com/hadnu/arcanum/cmd/server/main.go:709.70,715.16 2 0
github.com/hadnu/arcanum/cmd/server/main.go:715.16,718.3 2 0
github.com/hadnu/arcanum/cmd/server/main.go:719.2,729.18 4 0
github.com/hadnu/arcanum/cmd/server/main.go:729.18,731.85 2 0
github.com/hadnu/arcanum/cmd/server/main.go:731.85,732.12 1 0
github.com/hadnu/arcanum/cmd/server/main.go:734.3,734.27 1 0
github.com/hadnu/arcanum/cmd/server/main.go:737.2,737.54 1 0
github.com/hadnu/arcanum/cmd/server/main.go:740.70,742.61 2 0
github.com/hadnu/arcanum/cmd/server/main.go:742.61,745.3 2 0
github.com/hadnu/arcanum/cmd/server/main.go:746.2,746.20 1 0
github.com/hadnu/arcanum/cmd/server/main.go:746.20,746.88 2 0
github.com/hadnu/arcanum/cmd/server/main.go:747.2,747.27 1 0
github.com/hadnu/arcanum/cmd/server/main.go:747.27,747.106 2 0
github.com/hadnu/arcanum/cmd/server/main.go:748.2,748.52 1 0
github.com/hadnu/arcanum/cmd/server/main.go:748.52,748.119 2 0
github.com/hadnu/arcanum/cmd/server/main.go:749.2,749.37 1 0
github.com/hadnu/arcanum/cmd/server/main.go:749.37,749.54 1 0
github.com/hadnu/arcanum/cmd/server/main.go:751.2,756.33 5 0
github.com/hadnu/arcanum/cmd/server/main.go:756.33,758.10 2 0
github.com/hadnu/arcanum/cmd/server/main.go:758.10,758.91 2 0
github.com/hadnu/arcanum/cmd/server/main.go:759.3,760.38 2 0
github.com/hadnu/arcanum/cmd/server/main.go:760.38,760.59 1 0
github.com/hadnu/arcanum/cmd/server/main.go:761.3,763.34 2 0
github.com/hadnu/arcanum/cmd/server/main.go:763.34,764.28 1 0
github.com/hadnu/arcanum/cmd/server/main.go:764.28,764.38 1 0
github.com/hadnu/arcanum/cmd/server/main.go:765.4,765.37 1 0
github.com/hadnu/arcanum/cmd/server/main.go:765.37,769.5 1 0
github.com/hadnu/arcanum/cmd/server/main.go:770.4,770.23 1 0
github.com/hadnu/arcanum/cmd/server/main.go:770.23,774.5 1 0
github.com/hadnu/arcanum/cmd/server/main.go:778.2,778.17 1 0
github.com/hadnu/arcanum/cmd/server/main.go:778.17,778.32 1 0
github.com/hadnu/arcanum/cmd/server/main.go:779.2,780.25 2 0
github.com/hadnu/arcanum/cmd/server/main.go:780.25,780.53 1 0
github.com/hadnu/arcanum/cmd/server/main.go:782.2,784.11 3 0
github.com/hadnu/arcanum/cmd/server/main.go:784.11,785.32 1 0
github.com/hadnu/arcanum/cmd/server/main.go:785.32,785.81 1 0
github.com/hadnu/arcanum/cmd/server/main.go:787.2,787.32 1 0
github.com/hadnu/arcanum/cmd/server/main.go:787.32,788.36 1 0
github.com/hadnu/arcanum/cmd/server/main.go:788.36,788.85 1 0
github.com/hadnu/arcanum/cmd/server/main.go:791.2,792.30 2 0
github.com/hadnu/arcanum/cmd/server/main.go:792.30,794.40 2 0
github.com/hadnu/arcanum/cmd/server/main.go:794.40,794.74 1 0
github.com/hadnu/arcanum/cmd/server/main.go:796.2,796.29 1 0
github.com/hadnu/arcanum/cmd/server/main.go:796.29,797.45 1 0
github.com/hadnu/arcanum/cmd/server/main.go:797.45,797.84 1 0
github.com/hadnu/arcanum/cmd/server/main.go:800.2,815.33 2 0
github.com/hadnu/arcanum/cmd/server/main.go:815.33,817.3 1 0
github.com/hadnu/arcanum/cmd/server/main.go:819.2,822.9 4 0
github.com/hadnu/arcanum/cmd/server/main.go:822.9,822.98 2 0
github.com/hadnu/arcanum/cmd/server/main.go:824.2,825.35 2 0
github.com/hadnu/arcanum/cmd/server/main.go:825.35,826.44 1 0
github.com/hadnu/arcanum/cmd/server/main.go:826.44,826.78 1 0
github.com/hadnu/arcanum/cmd/server/main.go:829.2,835.20 3 0
github.com/hadnu/arcanum/cmd/server/main.go:838.103,839.29 1 0
github.com/hadnu/arcanum/cmd/server/main.go:839.29,839.43 1 0
github.com/hadnu/arcanum/cmd/server/main.go:840.2,845.33 2 0
github.com/hadnu/arcanum/cmd/server/main.go:845.33,846.28 1 0
github.com/hadnu/arcanum/cmd/server/main.go:846.28,846.100 1 0
github.com/hadnu/arcanum/cmd/server/main.go:847.3,847.29 1 0
github.com/hadnu/arcanum/cmd/server/main.go:847.29,847.104 1 0
github.com/hadnu/arcanum/cmd/server/main.go:848.3,848.26 1 0
github.com/hadnu/arcanum/cmd/server/main.go:848.26,848.92 1 0
github.com/hadnu/arcanum/cmd/server/main.go:849.3,849.28 1 0
github.com/hadnu/arcanum/cmd/server/main.go:849.28,850.31 1 0
github.com/hadnu/arcanum/cmd/server/main.go:850.31,850.74 1 0
github.com/hadnu/arcanum/cmd/server/main.go:851.4,851.37 1 0
github.com/hadnu/arcanum/cmd/server/main.go:851.37,851.78 1 0
github.com/hadnu/arcanum/cmd/server/main.go:853.3,853.26 1 0
github.com/hadnu/arcanum/cmd/server/main.go:853.26,854.31 1 0
github.com/hadnu/arcanum/cmd/server/main.go:854.31,854.76 1 0
github.com/hadnu/arcanum/cmd/server/main.go:855.4,856.39 2 0
github.com/hadnu/arcanum/cmd/server/main.go:856.39,857.46 1 0
github.com/hadnu/arcanum/cmd/server/main.go:857.46,859.6 1 0
github.com/hadnu/arcanum/cmd/server/main.go:859.11,861.6 1 0
github.com/hadnu/arcanum/cmd/server/main.go:863.4,863.44 1 0
github.com/hadnu/arcanum/cmd/server/main.go:866.2,866.36 1 0
github.com/hadnu/arcanum/cmd/server/main.go:866.36,866.66 1 0
github.com/hadnu/arcanum/cmd/server/main.go:867.2,867.14 1 0
github.com/hadnu/arcanum/cmd/server/main.go:870.77,871.37 1 0
github.com/hadnu/arcanum/cmd/server/main.go:871.37,871.54 1 0
github.com/hadnu/arcanum/cmd/server/main.go:872.2,874.20 3 0
github.com/hadnu/arcanum/cmd/server/main.go:874.20,877.3 2 0
github.com/hadnu/arcanum/cmd/server/main.go:878.2,878.10 1 0
github.com/hadnu/arcanum/cmd/server/main.go:881.54,884.2 2 0
github.com/hadnu/arcanum/cmd/server/main.go:886.61,890.2 3 0
github.com/hadnu/arcanum/cmd/server/main.go:892.37,893.12 1 0
github.com/hadnu/arcanum/cmd/server/main.go:894.22,894.31 1 0
github.com/hadnu/arcanum/cmd/server/main.go:895.22,895.31 1 0
github.com/hadnu/arcanum/cmd/server/main.go:896.23,896.33 1 0
github.com/hadnu/arcanum/cmd/server/main.go:897.23,897.33 1 0
github.com/hadnu/arcanum/cmd/server/main.go:898.10,898.19 1 0
github.com/hadnu/arcanum/cmd/server/main.go:902.32,902.59 1 0
github.com/hadnu/arcanum/cmd/server/main.go:904.25,906.22 2 0
github.com/hadnu/arcanum/cmd/server/main.go:906.22,907.27 1 0
github.com/hadnu/arcanum/cmd/server/main.go:907.27,909.4 1 0
github.com/hadnu/arcanum/cmd/server/main.go:909.9,910.9 1 0
github.com/hadnu/arcanum/cmd/server/main.go:913.2,913.10 1 0
github.com/hadnu/arcanum/cmd/server/main.go:970.39,975.13 5 0
github.com/hadnu/arcanum/cmd/server/main.go:975.13,975.30 1 0
github.com/hadnu/arcanum/cmd/server/main.go:976.2,976.10 1 0
github.com/hadnu/arcanum/cmd/server/main.go:979.29,979.57 1 0
github.com/hadnu/arcanum/cmd/server/main.go:981.79,984.16 3 0
github.com/hadnu/arcanum/cmd/server/main.go:984.16,984.62 2 0
github.com/hadnu/arcanum/cmd/server/main.go:986.2,987.28 2 0
github.com/hadnu/arcanum/cmd/server/main.go:987.28,988.57 1 0
github.com/hadnu/arcanum/cmd/server/main.go:988.57,988.67 1 0
github.com/hadnu/arcanum/cmd/server/main.go:989.3,990.17 2 0
github.com/hadnu/arcanum/cmd/server/main.go:990.17,990.27 1 0
github.com/hadnu/arcanum/cmd/server/main.go:991.3,992.51 2 0
github.com/hadnu/arcanum/cmd/server/main.go:992.51,992.61 1 0
github.com/hadnu/arcanum/cmd/server/main.go:993.3,994.32 2 0
github.com/hadnu/arcanum/cmd/server/main.go:994.32,994.58 1 0
github.com/hadnu/arcanum/cmd/server/main.go:995.3,998.5 1 0
github.com/hadnu/arcanum/cmd/server/main.go:1000.2,1000.21 1 0
github.com/hadnu/arcanum/cmd/server/main.go:1003.77,1005.16 2 0
github.com/hadnu/arcanum/cmd/server/main.go:1005.16,1005.81 2 0
github.com/hadnu/arcanum/cmd/server/main.go:1006.2,1008.16 3 0
github.com/hadnu/arcanum/cmd/server/main.go:1008.16,1008.85 2 0
github.com/hadnu/arcanum/cmd/server/main.go:1009.2,1010.50 2 0
github.com/hadnu/arcanum/cmd/server/main.go:1010.50,1010.133 2 0
github.com/hadnu/arcanum/cmd/server/main.go:1011.2,1011.18 1 0
github.com/hadnu/arcanum/cmd/server/main.go:1014.78,1017.60 3 0
github.com/hadnu/arcanum/cmd/server/main.go:1017.60,1017.124 2 0
github.com/hadnu/arcanum/cmd/server/main.go:1018.2,1018.16 1 0
github.com/hadnu/arcanum/cmd/server/main.go:1018.16,1018.34 1 0
github.com/hadnu/arcanum/cmd/server/main.go:1019.2,1019.16 1 0
github.com/hadnu/arcanum/cmd/server/main.go:1019.16,1019.81 2 0
github.com/hadnu/arcanum/cmd/server/main.go:1020.2,1020.25 1 0
github.com/hadnu/arcanum/cmd/server/main.go:1020.25,1020.64 1 0
github.com/hadnu/arcanum/cmd/server/main.go:1021.2,1021.30 1 0
github.com/hadnu/arcanum/cmd/server/main.go:1021.30,1021.66 1 0
github.com/hadnu/arcanum/cmd/server/main.go:1022.2,1022.24 1 0
github.com/hadnu/arcanum/cmd/server/main.go:1022.24,1022.74 1 0
github.com/hadnu/arcanum/cmd/server/main.go:1023.2,1026.31 3 0
github.com/hadnu/arcanum/cmd/server/main.go:1026.31,1026.56 1 0
github.com/hadnu/arcanum/cmd/server/main.go:1027.2,1030.16 3 0
github.com/hadnu/arcanum/cmd/server/main.go:1030.16,1030.104 2 0
github.com/hadnu/arcanum/cmd/server/main.go:1032.2,1035.55 4 0
github.com/hadnu/arcanum/cmd/server/main.go:1035.55,1035.140 2 0
github.com/hadnu/arcanum/cmd/server/main.go:1036.2,1036.66 1 0
github.com/hadnu/arcanum/cmd/server/main.go:1039.80,1041.16 2 0
github.com/hadnu/arcanum/cmd/server/main.go:1041.16,1041.81 2 0
github.com/hadnu/arcanum/cmd/server/main.go:1042.2,1044.40 3 0
github.com/hadnu/arcanum/cmd/server/main.go:1044.40,1044.109 2 0
github.com/hadnu/arcanum/cmd/server/main.go:1045.2,1045.54 1 0
github.com/hadnu/arcanum/cmd/spells/main.go:12.13,16.16 3 0
github.com/hadnu/arcanum/cmd/spells/main.go:16.16,18.3 1 0
github.com/hadnu/arcanum/cmd/spells/main.go:20.2,24.33 4 0
github.com/hadnu/arcanum/cmd/tui-player/main.go:15.13,20.16 4 0
github.com/hadnu/arcanum/cmd/tui-player/main.go:20.16,22.3 1 0
github.com/hadnu/arcanum/cmd/tui-player/main.go:24.2,46.9 12 0
github.com/hadnu/arcanum/cmd/tui-player/main.go:46.9,48.3 1 0
github.com/hadnu/arcanum/cmd/tui-player/main.go:50.2,56.71 4 0
github.com/hadnu/arcanum/cmd/test-warlock/main.go:9.13,11.42 2 0
github.com/hadnu/arcanum/cmd/test-warlock/main.go:11.42,13.3 1 0
github.com/hadnu/arcanum/cmd/test-warlock/main.go:13.8,15.3 1 0
github.com/hadnu/arcanum/cmd/test-warlock/main.go:16.2,16.34 1 0
github.com/hadnu/arcanum/cmd/test-warlock/main.go:16.34,18.3 1 0
github.com/hadnu/arcanum/internal/api/client.go:19.26,25.2 1 0
github.com/hadnu/arcanum/internal/api/client.go:27.26,29.2 1 0
github.com/hadnu/arcanum/internal/api/client.go:31.58,32.25 1 0
github.com/hadnu/arcanum/internal/api/client.go:32.25,33.18 1 0
github.com/hadnu/arcanum/internal/api/client.go:33.18,35.4 1 0
github.com/hadnu/arcanum/internal/api/client.go:36.3,38.17 3 0
github.com/hadnu/arcanum/internal/api/client.go:38.17,40.4 1 0
github.com/hadnu/arcanum/internal/api/client.go:41.3,41.52 1 0
github.com/hadnu/arcanum/internal/api/client.go:41.52,43.12 2 0
github.com/hadnu/arcanum/internal/api/client.go:45.3,47.17 3 0
github.com/hadnu/arcanum/internal/api/client.go:47.17,49.4 1 0
github.com/hadnu/arcanum/internal/api/client.go:50.3,50.39 1 0
github.com/hadnu/arcanum/internal/api/client.go:50.39,52.4 1 0
github.com/hadnu/arcanum/internal/api/client.go:53.3,53.54 1 0
github.com/hadnu/arcanum/internal/api/client.go:53.54,55.4 1 0
github.com/hadnu/arcanum/internal/api/client.go:56.3,56.13 1 0
github.com/hadnu/arcanum/internal/api/client.go:58.2,58.52 1 0
github.com/hadnu/arcanum/internal/api/client.go:61.56,66.65 2 0
github.com/hadnu/arcanum/internal/api/client.go:66.65,68.3 1 0
github.com/hadnu/arcanum/internal/api/client.go:69.2,69.23 1 0
github.com/hadnu/arcanum/internal/api/client.go:72.60,76.71 2 0
github.com/hadnu/arcanum/internal/api/client.go:76.71,78.3 1 0
github.com/hadnu/arcanum/internal/api/client.go:79.2,79.24 1 0
github.com/hadnu/arcanum/internal/api/client.go:82.56,87.65 2 0
github.com/hadnu/arcanum/internal/api/client.go:87.65,89.3 1 0
github.com/hadnu/arcanum/internal/api/client.go:90.2,90.23 1 0
github.com/hadnu/arcanum/internal/api/client.go:93.64,97.71 2 0
github.com/hadnu/arcanum/internal/api/client.go:97.71,99.3 1 0
github.com/hadnu/arcanum/internal/api/client.go:100.2,100.24 1 0
github.com/hadnu/arcanum/internal/api/client.go:103.55,108.64 2 0
github.com/hadnu/arcanum/internal/api/client.go:108.64,110.3 1 0
github.com/hadnu/arcanum/internal/api/client.go:111.2,111.23 1 0
github.com/hadnu/arcanum/internal/api/client.go:114.60,118.70 2 0
github.com/hadnu/arcanum/internal/api/client.go:118.70,120.3 1 0
github.com/hadnu/arcanum/internal/api/client.go:121.2,121.24 1 0
github.com/hadnu/arcanum/internal/api/client.go:124.60,129.69 2 0
github.com/hadnu/arcanum/internal/api/client.go:129.69,131.3 1 0
github.com/hadnu/arcanum/internal/api/client.go:132.2,132.23 1 0
github.com/hadnu/arcanum/internal/api/client.go:135.70,139.75 2 0
github.com/hadnu/arcanum/internal/api/client.go:139.75,141.3 1 0
github.com/hadnu/arcanum/internal/api/client.go:142.2,142.24 1 0
github.com/hadnu/arcanum/internal/api/client.go:145.54,150.63 2 0
github.com/hadnu/arcanum/internal/api/client.go:150.63,152.3 1 0
github.com/hadnu/arcanum/internal/api/client.go:153.2,153.23 1 0
github.com/hadnu/arcanum/internal/api/client.go:156.58,160.69 2 0
github.com/hadnu/arcanum/internal/api/client.go:160.69,162.3 1 0
github.com/hadnu/arcanum/internal/api/client.go:163.2,163.24 1 0
github.com/hadnu/arcanum/internal/api/client.go:166.54,171.63 2 0
github.com/hadnu/arcanum/internal/api/client.go:171.63,173.3 1 0
github.com/hadnu/arcanum/internal/api/client.go:174.2,174.23 1 0
github.com/hadnu/arcanum/internal/api/client.go:177.58,181.69 2 0
github.com/hadnu/arcanum/internal/api/client.go:181.69,183.3 1 0
github.com/hadnu/arcanum/internal/api/client.go:184.2,184.24 1 0
github.com/hadnu/arcanum/internal/api/client.go:187.57,192.66 2 0
github.com/hadnu/arcanum/internal/api/client.go:192.66,194.3 1 0
github.com/hadnu/arcanum/internal/api/client.go:195.2,195.23 1 0
github.com/hadnu/arcanum/internal/api/client.go:198.64,202.72 2 0
github.com/hadnu/arcanum/internal/api/client.go:202.72,204.3 1 0
github.com/hadnu/arcanum/internal/api/client.go:205.2,205.24 1 0
github.com/hadnu/arcanum/internal/api/loader.go:15.71,17.53 2 0
github.com/hadnu/arcanum/internal/api/loader.go:17.53,19.55 2 0
github.com/hadnu/arcanum/internal/api/loader.go:19.55,22.4 2 0
github.com/hadnu/arcanum/internal/api/loader.go:24.2,26.55 2 0
github.com/hadnu/arcanum/internal/api/loader.go:26.55,28.3 1 0
github.com/hadnu/arcanum/internal/api/loader.go:29.2,29.55 1 0
github.com/hadnu/arcanum/internal/api/loader.go:29.55,31.3 1 0
github.com/hadnu/arcanum/internal/api/loader.go:32.2,32.59 1 0
github.com/hadnu/arcanum/internal/api/loader.go:32.59,34.3 1 0
github.com/hadnu/arcanum/internal/api/loader.go:35.2,35.53 1 0
github.com/hadnu/arcanum/internal/api/loader.go:35.53,37.3 1 0
github.com/hadnu/arcanum/internal/api/loader.go:38.2,38.54 1 0
github.com/hadnu/arcanum/internal/api/loader.go:38.54,40.3 1 0
github.com/hadnu/arcanum/internal/api/loader.go:41.2,41.53 1 0
github.com/hadnu/arcanum/internal/api/loader.go:41.53,43.3 1 0
github.com/hadnu/arcanum/internal/api/loader.go:44.2,44.56 1 0
github.com/hadnu/arcanum/internal/api/loader.go:44.56,46.3 1 0
github.com/hadnu/arcanum/internal/api/loader.go:48.2,49.22 2 0
github.com/hadnu/arcanum/internal/api/loader.go:52.76,54.16 2 0
github.com/hadnu/arcanum/internal/api/loader.go:54.16,56.3 1 0
github.com/hadnu/arcanum/internal/api/loader.go:57.2,58.29 2 0
github.com/hadnu/arcanum/internal/api/loader.go:58.29,60.17 2 0
github.com/hadnu/arcanum/internal/api/loader.go:60.17,62.12 2 0
github.com/hadnu/arcanum/internal/api/loader.go:64.3,65.38 2 0
github.com/hadnu/arcanum/internal/api/loader.go:67.2,67.12 1 0
github.com/hadnu/arcanum/internal/api/loader.go:70.51,80.53 4 0
github.com/hadnu/arcanum/internal/api/loader.go:80.53,81.10 1 0
github.com/hadnu/arcanum/internal/api/loader.go:82.65,83.33 1 0
github.com/hadnu/arcanum/internal/api/loader.go:84.65,85.33 1 0
github.com/hadnu/arcanum/internal/api/loader.go:86.67,87.34 1 0
github.com/hadnu/arcanum/internal/api/loader.go:88.67,89.34 1 0
github.com/hadnu/arcanum/internal/api/loader.go:93.2,93.42 1 0
github.com/hadnu/arcanum/internal/api/loader.go:93.42,104.3 6 0
github.com/hadnu/arcanum/internal/api/loader.go:106.2,107.60 2 0
github.com/hadnu/arcanum/internal/api/loader.go:107.60,109.3 1 0
github.com/hadnu/arcanum/internal/api/loader.go:111.2,111.14 1 0
github.com/hadnu/arcanum/internal/api/loader.go:114.55,115.13 1 0
github.com/hadnu/arcanum/internal/api/loader.go:115.13,117.3 1 0
github.com/hadnu/arcanum/internal/api/loader.go:118.2,120.26 3 0
github.com/hadnu/arcanum/internal/api/loader.go:120.26,122.12 2 0
github.com/hadnu/arcanum/internal/api/loader.go:123.19,124.38 1 0
github.com/hadnu/arcanum/internal/api/loader.go:125.20,126.38 1 0
github.com/hadnu/arcanum/internal/api/loader.go:127.23,128.38 1 0
github.com/hadnu/arcanum/internal/api/loader.go:129.23,130.38 1 0
github.com/hadnu/arcanum/internal/api/loader.go:131.17,132.38 1 0
github.com/hadnu/arcanum/internal/api/loader.go:133.19,134.38 1 0
github.com/hadnu/arcanum/internal/api/loader.go:137.2,137.15 1 0
github.com/hadnu/arcanum/internal/api/loader.go:140.57,143.26 3 0
github.com/hadnu/arcanum/internal/api/loader.go:143.26,145.12 2 0
github.com/hadnu/arcanum/internal/api/loader.go:146.19,147.38 1 0
github.com/hadnu/arcanum/internal/api/loader.go:148.20,149.38 1 0
github.com/hadnu/arcanum/internal/api/loader.go:150.23,151.38 1 0
github.com/hadnu/arcanum/internal/api/loader.go:152.23,153.38 1 0
github.com/hadnu/arcanum/internal/api/loader.go:154.17,155.38 1 0
github.com/hadnu/arcanum/internal/api/loader.go:156.19,157.38 1 0
github.com/hadnu/arcanum/internal/api/loader.go:160.2,160.15 1 0
github.com/hadnu/arcanum/internal/api/loader.go:163.76,165.16 2 0
github.com/hadnu/arcanum/internal/api/loader.go:165.16,167.3 1 0
github.com/hadnu/arcanum/internal/api/loader.go:168.2,169.29 2 0
github.com/hadnu/arcanum/internal/api/loader.go:169.29,171.17 2 0
github.com/hadnu/arcanum/internal/api/loader.go:171.17,173.12 2 0
github.com/hadnu/arcanum/internal/api/loader.go:175.3,176.42 2 0
github.com/hadnu/arcanum/internal/api/loader.go:178.2,178.12 1 0
github.com/hadnu/arcanum/internal/api/loader.go:181.57,184.61 3 0
github.com/hadnu/arcanum/internal/api/loader.go:184.61,186.3 1 0
github.com/hadnu/arcanum/internal/api/loader.go:188.2,193.45 5 0
github.com/hadnu/arcanum/internal/api/loader.go:194.18,195.30 1 0
github.com/hadnu/arcanum/internal/api/loader.go:196.13,197.25 1 0
github.com/hadnu/arcanum/internal/api/loader.go:200.2,207.3 1 0
github.com/hadnu/arcanum/internal/api/loader.go:210.80,212.16 2 0
github.com/hadnu/arcanum/internal/api/loader.go:212.16,214.3 1 0
github.com/hadnu/arcanum/internal/api/loader.go:215.2,216.29 2 0
github.com/hadnu/arcanum/internal/api/loader.go:216.29,218.17 2 0
github.com/hadnu/arcanum/internal/api/loader.go:218.17,220.12 2 0
github.com/hadnu/arcanum/internal/api/loader.go:222.3,223.36 2 0
github.com/hadnu/arcanum/internal/api/loader.go:225.2,225.12 1 0
github.com/hadnu/arcanum/internal/api/loader.go:228.66,231.45 3 0
github.com/hadnu/arcanum/internal/api/loader.go:231.45,234.3 2 0
github.com/hadnu/arcanum/internal/api/loader.go:236.2,237.22 2 0
github.com/hadnu/arcanum/internal/api/loader.go:237.22,240.3 2 0
github.com/hadnu/arcanum/internal/api/loader.go:242.2,247.3 1 0
github.com/hadnu/arcanum/internal/api/loader.go:250.74,252.16 2 0
github.com/hadnu/arcanum/internal/api/loader.go:252.16,254.3 1 0
github.com/hadnu/arcanum/internal/api/loader.go:255.2,256.29 2 0
github.com/hadnu/arcanum/internal/api/loader.go:256.29,258.17 2 0
github.com/hadnu/arcanum/internal/api/loader.go:258.17,260.12 2 0
github.com/hadnu/arcanum/internal/api/loader.go:262.3,263.34 2 0
github.com/hadnu/arcanum/internal/api/loader.go:265.2,265.12 1 0
github.com/hadnu/arcanum/internal/api/loader.go:268.48,273.2 1 0
github.com/hadnu/arcanum/internal/api/loader.go:275.75,277.16 2 0
github.com/hadnu/arcanum/internal/api/loader.go:277.16,279.3 1 0
github.com/hadnu/arcanum/internal/api/loader.go:280.2,281.29 2 0
github.com/hadnu/arcanum/internal/api/loader.go:281.29,283.17 2 0
github.com/hadnu/arcanum/internal/api/loader.go:283.17,285.12 2 0
github.com/hadnu/arcanum/internal/api/loader.go:287.3,288.37 2 0
github.com/hadnu/arcanum/internal/api/loader.go:290.2,290.12 1 0
github.com/hadnu/arcanum/internal/api/loader.go:293.51,299.57 4 0
github.com/hadnu/arcanum/internal/api/loader.go:299.57,301.10 2 0
github.com/hadnu/arcanum/internal/api/loader.go:302.57,303.25 1 0
github.com/hadnu/arcanum/internal/api/loader.go:304.58,305.25 1 0
github.com/hadnu/arcanum/internal/api/loader.go:306.61,307.25 1 0
github.com/hadnu/arcanum/internal/api/loader.go:308.61,309.25 1 0
github.com/hadnu/arcanum/internal/api/loader.go:310.55,311.25 1 0
github.com/hadnu/arcanum/internal/api/loader.go:312.57,313.25 1 0
github.com/hadnu/arcanum/internal/api/loader.go:317.2,329.3 2 0
github.com/hadnu/arcanum/internal/api/loader.go:332.74,334.16 2 0
github.com/hadnu/arcanum/internal/api/loader.go:334.16,336.3 1 0
github.com/hadnu/arcanum/internal/api/loader.go:337.2,338.29 2 0
github.com/hadnu/arcanum/internal/api/loader.go:338.29,340.17 2 0
github.com/hadnu/arcanum/internal/api/loader.go:340.17,342.12 2 0
github.com/hadnu/arcanum/internal/api/loader.go:344.3,345.44 2 0
github.com/hadnu/arcanum/internal/api/loader.go:347.2,347.12 1 0
github.com/hadnu/arcanum/internal/api/loader.go:350.51,358.2 2 0
github.com/hadnu/arcanum/internal/api/loader.go:360.77,362.16 2 0
github.com/hadnu/arcanum/internal/api/loader.go:362.16,364.3 1 0
github.com/hadnu/arcanum/internal/api/loader.go:365.2,366.29 2 0
github.com/hadnu/arcanum/internal/api/loader.go:366.29,368.17 2 0
github.com/hadnu/arcanum/internal/api/loader.go:368.17,370.12 2 0
github.com/hadnu/arcanum/internal/api/loader.go:372.3,373.43 2 0
github.com/hadnu/arcanum/internal/api/loader.go:375.2,375.12 1 0
github.com/hadnu/arcanum/internal/api/loader.go:378.57,382.37 3 0
github.com/hadnu/arcanum/internal/api/loader.go:383.14,384.24 1 0
github.com/hadnu/arcanum/internal/api/loader.go:385.15,386.25 1 0
github.com/hadnu/arcanum/internal/api/loader.go:387.15,388.25 1 0
github.com/hadnu/arcanum/internal/api/loader.go:389.14,390.24 1 0
github.com/hadnu/arcanum/internal/api/loader.go:391.20,392.30 1 0
github.com/hadnu/arcanum/internal/api/loader.go:395.2,396.28 2 0
github.com/hadnu/arcanum/internal/api/loader.go:397.20,398.32 1 0
github.com/hadnu/arcanum/internal/api/loader.go:399.15,400.27 1 0
github.com/hadnu/arcanum/internal/api/loader.go:401.19,402.31 1 0
github.com/hadnu/arcanum/internal/api/loader.go:403.19,404.31 1 0
github.com/hadnu/arcanum/internal/api/loader.go:405.16,406.28 1 0
github.com/hadnu/arcanum/internal/api/loader.go:407.19,408.31 1 0
github.com/hadnu/arcanum/internal/api/loader.go:409.13,410.25 1 0
github.com/hadnu/arcanum/internal/api/loader.go:411.15,412.27 1 0
github.com/hadnu/arcanum/internal/api/loader.go:413.15,414.27 1 0
github.com/hadnu/arcanum/internal/api/loader.go:415.18,416.30 1 0
github.com/hadnu/arcanum/internal/api/loader.go:417.21,418.33 1 0
github.com/hadnu/arcanum/internal/api/loader.go:419.14,420.26 1 0
github.com/hadnu/arcanum/internal/api/loader.go:421.15,422.27 1 0
github.com/hadnu/arcanum/internal/api/loader.go:423.16,424.28 1 0
github.com/hadnu/arcanum/internal/api/loader.go:427.2,450.3 1 0
github.com/hadnu/arcanum/internal/api/loader.go:453.25,455.2 1 0
github.com/hadnu/arcanum/internal/api/loader.go:457.29,459.16 2 0
github.com/hadnu/arcanum/internal/api/loader.go:459.16,461.3 1 0
github.com/hadnu/arcanum/internal/api/loader.go:462.2,462.58 1 0
github.com/hadnu/arcanum/internal/api/loader.go:465.65,467.16 2 0
github.com/hadnu/arcanum/internal/api/loader.go:467.16,470.3 2 0
github.com/hadnu/arcanum/internal/api/loader.go:471.2,471.55 1 0
github.com/hadnu/arcanum/internal/api/loader.go:471.55,473.3 1 0
github.com/hadnu/arcanum/internal/character/creator.go:16.57,17.6 1 0
github.com/hadnu/arcanum/internal/character/creator.go:17.6,19.22 2 0
github.com/hadnu/arcanum/internal/character/creator.go:19.22,21.4 1 0
github.com/hadnu/arcanum/internal/character/creator.go:22.3,23.16 2 0
github.com/hadnu/arcanum/internal/character/creator.go:23.16,25.4 1 0
github.com/hadnu/arcanum/internal/character/creator.go:61.60,63.2 1 0
github.com/hadnu/arcanum/internal/character/creator.go:65.36,82.59 8 0
github.com/hadnu/arcanum/internal/character/creator.go:82.59,84.67 2 0
github.com/hadnu/arcanum/internal/character/creator.go:84.67,86.4 1 0
github.com/hadnu/arcanum/internal/character/creator.go:86.9,88.4 1 0
github.com/hadnu/arcanum/internal/character/creator.go:91.2,97.30 4 0
github.com/hadnu/arcanum/internal/character/creator.go:97.30,100.3 2 0
github.com/hadnu/arcanum/internal/character/creator.go:102.2,111.30 7 0
github.com/hadnu/arcanum/internal/character/creator.go:111.30,113.3 1 0
github.com/hadnu/arcanum/internal/character/creator.go:114.2,114.35 1 0
github.com/hadnu/arcanum/internal/character/creator.go:114.35,115.15 1 0
github.com/hadnu/arcanum/internal/character/creator.go:115.15,116.37 1 0
github.com/hadnu/arcanum/internal/character/creator.go:116.37,118.5 1 0
github.com/hadnu/arcanum/internal/character/creator.go:122.2,123.30 2 0
github.com/hadnu/arcanum/internal/character/creator.go:123.30,125.3 1 0
github.com/hadnu/arcanum/internal/character/creator.go:127.2,141.3 1 0
github.com/hadnu/arcanum/internal/character/creator.go:144.60,145.6 1 0
github.com/hadnu/arcanum/internal/character/creator.go:145.6,147.22 2 0
github.com/hadnu/arcanum/internal/character/creator.go:147.22,149.4 1 0
github.com/hadnu/arcanum/internal/character/creator.go:150.3,151.33 2 0
github.com/hadnu/arcanum/internal/character/creator.go:151.33,153.4 1 0
github.com/hadnu/arcanum/internal/character/creator.go:154.3,154.45 1 0
github.com/hadnu/arcanum/internal/character/creator.go:154.45,156.4 1 0
github.com/hadnu/arcanum/internal/character/creator.go:157.3,157.38 1 0
github.com/hadnu/arcanum/internal/character/creator.go:161.56,162.23 1 0
github.com/hadnu/arcanum/internal/character/creator.go:162.23,164.3 1 0
github.com/hadnu/arcanum/internal/character/creator.go:165.2,166.28 2 0
github.com/hadnu/arcanum/internal/character/creator.go:166.28,168.3 1 0
github.com/hadnu/arcanum/internal/character/creator.go:169.2,169.35 1 0
github.com/hadnu/arcanum/internal/character/creator.go:172.65,173.35 1 0
github.com/hadnu/arcanum/internal/character/creator.go:173.35,175.3 1 0
github.com/hadnu/arcanum/internal/character/creator.go:176.2,176.18 1 0
github.com/hadnu/arcanum/internal/character/creator.go:179.117,186.42 5 0
github.com/hadnu/arcanum/internal/character/creator.go:186.42,188.3 1 0
github.com/hadnu/arcanum/internal/character/creator.go:189.2,191.14 2 0
github.com/hadnu/arcanum/internal/character/creator.go:194.69,195.6 1 0
github.com/hadnu/arcanum/internal/character/creator.go:195.6,197.22 2 0
github.com/hadnu/arcanum/internal/character/creator.go:197.22,199.4 1 0
github.com/hadnu/arcanum/internal/character/creator.go:200.3,201.41 2 0
github.com/hadnu/arcanum/internal/character/creator.go:201.41,203.12 2 0
github.com/hadnu/arcanum/internal/character/creator.go:205.3,205.13 1 0
github.com/hadnu/arcanum/internal/character/creator.go:209.70,212.29 3 0
github.com/hadnu/arcanum/internal/character/creator.go:212.29,214.37 2 0
github.com/hadnu/arcanum/internal/character/creator.go:214.37,216.4 1 0
github.com/hadnu/arcanum/internal/character/creator.go:217.3,217.82 1 0
github.com/hadnu/arcanum/internal/character/creator.go:219.2,220.23 2 0
github.com/hadnu/arcanum/internal/character/creator.go:223.80,226.25 3 0
github.com/hadnu/arcanum/internal/character/creator.go:226.25,228.21 2 0
github.com/hadnu/arcanum/internal/character/creator.go:228.21,229.46 1 0
github.com/hadnu/arcanum/internal/character/creator.go:229.46,231.5 1 0
github.com/hadnu/arcanum/internal/character/creator.go:233.3,234.31 2 0
github.com/hadnu/arcanum/internal/character/creator.go:234.31,236.4 1 0
github.com/hadnu/arcanum/internal/character/creator.go:237.3,237.73 1 0
github.com/hadnu/arcanum/internal/character/creator.go:239.2,240.19 2 0
github.com/hadnu/arcanum/internal/character/creator.go:243.74,246.29 3 0
github.com/hadnu/arcanum/internal/character/creator.go:246.29,248.3 1 0
github.com/hadnu/arcanum/internal/character/creator.go:249.2,250.23 2 0
github.com/hadnu/arcanum/internal/character/creator.go:253.109,263.44 8 0
github.com/hadnu/arcanum/internal/character/creator.go:263.44,265.27 2 0
github.com/hadnu/arcanum/internal/character/creator.go:265.27,266.16 1 0
github.com/hadnu/arcanum/internal/character/creator.go:266.16,268.5 1 0
github.com/hadnu/arcanum/internal/character/creator.go:270.3,271.22 2 0
github.com/hadnu/arcanum/internal/character/creator.go:271.22,273.4 1 0
github.com/hadnu/arcanum/internal/character/creator.go:274.3,275.17 2 0
github.com/hadnu/arcanum/internal/character/creator.go:275.17,276.28 1 0
github.com/hadnu/arcanum/internal/character/creator.go:276.28,277.17 1 0
github.com/hadnu/arcanum/internal/character/creator.go:277.17,280.6 2 0
github.com/hadnu/arcanum/internal/character/creator.go:283.3,283.27 1 0
github.com/hadnu/arcanum/internal/character/creator.go:283.27,284.28 1 0
github.com/hadnu/arcanum/internal/character/creator.go:284.28,287.5 2 0
github.com/hadnu/arcanum/internal/character/creator.go:289.3,289.27 1 0
github.com/hadnu/arcanum/internal/character/creator.go:289.27,290.16 1 0
github.com/hadnu/arcanum/internal/character/creator.go:290.16,293.5 2 0
github.com/hadnu/arcanum/internal/character/creator.go:295.3,295.11 1 0
github.com/hadnu/arcanum/internal/character/creator.go:299.2,300.38 2 0
github.com/hadnu/arcanum/internal/character/creator.go:300.38,301.13 1 0
github.com/hadnu/arcanum/internal/character/creator.go:302.18,303.27 1 0
github.com/hadnu/arcanum/internal/character/creator.go:304.18,305.27 1 0
github.com/hadnu/arcanum/internal/character/creator.go:306.18,307.27 1 0
github.com/hadnu/arcanum/internal/character/creator.go:308.18,309.27 1 0
github.com/hadnu/arcanum/internal/character/creator.go:310.18,311.27 1 0
github.com/hadnu/arcanum/internal/character/creator.go:312.18,313.27 1 0
github.com/hadnu/arcanum/internal/character/creator.go:318.2,318.31 1 0
github.com/hadnu/arcanum/internal/character/creator.go:318.31,319.31 1 0
github.com/hadnu/arcanum/internal/character/creator.go:319.31,320.12 1 0
github.com/hadnu/arcanum/internal/character/creator.go:322.3,322.13 1 0
github.com/hadnu/arcanum/internal/character/creator.go:323.18,324.27 1 0
github.com/hadnu/arcanum/internal/character/creator.go:325.18,326.27 1 0
github.com/hadnu/arcanum/internal/character/creator.go:327.18,328.27 1 0
github.com/hadnu/arcanum/internal/character/creator.go:329.18,330.27 1 0
github.com/hadnu/arcanum/internal/character/creator.go:331.18,332.27 1 0
github.com/hadnu/arcanum/internal/character/creator.go:333.18,334.27 1 0
github.com/hadnu/arcanum/internal/character/creator.go:337.2,337.15 1 0
github.com/hadnu/arcanum/internal/character/creator.go:340.73,343.30 3 0
github.com/hadnu/arcanum/internal/character/creator.go:343.30,344.41 1 0
github.com/hadnu/arcanum/internal/character/creator.go:344.41,345.17 1 0
github.com/hadnu/arcanum/internal/character/creator.go:345.17,348.5 2 0
github.com/hadnu/arcanum/internal/character/creator.go:351.2,351.16 1 0
github.com/hadnu/arcanum/internal/character/creator.go:354.127,357.30 2 0
github.com/hadnu/arcanum/internal/character/creator.go:357.30,359.3 1 0
github.com/hadnu/arcanum/internal/character/creator.go:361.2,371.30 5 0
github.com/hadnu/arcanum/internal/character/creator.go:371.30,372.47 1 0
github.com/hadnu/arcanum/internal/character/creator.go:372.47,378.4 1 0
github.com/hadnu/arcanum/internal/character/creator.go:381.2,381.36 1 0
github.com/hadnu/arcanum/internal/character/creator.go:381.36,383.16 2 0
github.com/hadnu/arcanum/internal/character/creator.go:383.16,386.33 3 0
github.com/hadnu/arcanum/internal/character/creator.go:386.33,388.19 2 0
github.com/hadnu/arcanum/internal/character/creator.go:388.19,390.6 1 0
github.com/hadnu/arcanum/internal/character/creator.go:391.5,391.58 1 0
github.com/hadnu/arcanum/internal/character/creator.go:393.4,394.23 2 0
github.com/hadnu/arcanum/internal/character/creator.go:394.23,396.5 1 0
github.com/hadnu/arcanum/internal/character/creator.go:397.4,398.53 2 0
github.com/hadnu/arcanum/internal/character/creator.go:398.53,400.10 2 0
github.com/hadnu/arcanum/internal/character/creator.go:402.4,403.20 2 0
github.com/hadnu/arcanum/internal/character/creator.go:403.20,405.13 2 0
github.com/hadnu/arcanum/internal/character/creator.go:407.4,408.10 2 0
github.com/hadnu/arcanum/internal/character/creator.go:411.2,411.15 1 0
github.com/hadnu/arcanum/internal/character/creator.go:424.22,430.44 5 0
github.com/hadnu/arcanum/internal/character/creator.go:430.44,433.3 2 0
github.com/hadnu/arcanum/internal/character/creator.go:435.2,435.30 1 0
github.com/hadnu/arcanum/internal/character/creator.go:435.30,436.39 1 0
github.com/hadnu/arcanum/internal/character/creator.go:436.39,438.4 1 0
github.com/hadnu/arcanum/internal/character/creator.go:441.2,442.40 2 0
github.com/hadnu/arcanum/internal/character/creator.go:442.40,446.26 4 0
github.com/hadnu/arcanum/internal/character/creator.go:446.26,449.4 2 0
github.com/hadnu/arcanum/internal/character/creator.go:450.3,453.4 1 0
github.com/hadnu/arcanum/internal/character/creator.go:457.2,458.30 2 0
github.com/hadnu/arcanum/internal/character/creator.go:458.30,460.3 1 0
github.com/hadnu/arcanum/internal/character/creator.go:462.2,477.3 1 0
github.com/hadnu/arcanum/internal/character/creator.go:480.108,482.20 2 0
github.com/hadnu/arcanum/internal/character/creator.go:482.20,483.43 1 0
github.com/hadnu/arcanum/internal/character/creator.go:483.43,485.4 1 0
github.com/hadnu/arcanum/internal/character/creator.go:487.2,487.33 1 0
github.com/hadnu/arcanum/internal/character/creator.go:487.33,488.56 1 0
github.com/hadnu/arcanum/internal/character/creator.go:488.56,490.4 1 0
github.com/hadnu/arcanum/internal/character/creator.go:492.2,492.14 1 0
github.com/hadnu/arcanum/internal/character/creator.go:495.112,497.47 2 0
github.com/hadnu/arcanum/internal/character/creator.go:497.47,499.3 1 0
github.com/hadnu/arcanum/internal/character/creator.go:500.2,500.31 1 0
github.com/hadnu/arcanum/internal/character/creator.go:500.31,502.3 1 0
github.com/hadnu/arcanum/internal/character/creator.go:503.2,503.14 1 0
github.com/hadnu/arcanum/internal/character/creator.go:506.61,509.2 2 0
github.com/hadnu/arcanum/internal/character/creator.go:511.37,512.12 1 0
github.com/hadnu/arcanum/internal/character/creator.go:513.22,514.11 1 0
github.com/hadnu/arcanum/internal/character/creator.go:515.22,516.11 1 0
github.com/hadnu/arcanum/internal/character/creator.go:517.23,518.12 1 0
github.com/hadnu/arcanum/internal/character/creator.go:519.23,520.12 1 0
github.com/hadnu/arcanum/internal/character/creator.go:521.10,522.11 1 0
github.com/hadnu/arcanum/internal/character/creator.go:526.32,528.2 1 0
github.com/hadnu/arcanum/internal/character/creator.go:530.64,531.12 1 0
github.com/hadnu/arcanum/internal/character/creator.go:532.17,533.15 1 0
github.com/hadnu/arcanum/internal/character/creator.go:534.17,535.15 1 0
github.com/hadnu/arcanum/internal/character/creator.go:536.17,537.15 1 0
github.com/hadnu/arcanum/internal/character/creator.go:538.17,539.15 1 0
github.com/hadnu/arcanum/internal/character/creator.go:540.17,541.15 1 0
github.com/hadnu/arcanum/internal/character/creator.go:542.17,543.15 1 0
github.com/hadnu/arcanum/internal/character/creator.go:544.10,545.12 1 0
github.com/hadnu/arcanum/internal/character/creator.go:549.94,552.35 2 0
github.com/hadnu/arcanum/internal/character/creator.go:552.35,553.59 1 0
github.com/hadnu/arcanum/internal/character/creator.go:553.59,555.9 2 0
github.com/hadnu/arcanum/internal/character/creator.go:559.2,559.20 1 0
github.com/hadnu/arcanum/internal/character/creator.go:559.20,561.3 1 0
github.com/hadnu/arcanum/internal/character/creator.go:563.2,570.21 6 0
github.com/hadnu/arcanum/internal/character/creator.go:570.21,572.3 1 0
github.com/hadnu/arcanum/internal/character/creator.go:573.2,575.16 2 0
github.com/hadnu/arcanum/internal/character/creator.go:576.11,577.34 1 0
github.com/hadnu/arcanum/internal/character/creator.go:578.11,581.36 2 0
github.com/hadnu/arcanum/internal/character/creator.go:581.36,582.24 1 0
github.com/hadnu/arcanum/internal/character/creator.go:582.24,583.32 1 0
github.com/hadnu/arcanum/internal/character/creator.go:583.32,585.6 1 0
github.com/hadnu/arcanum/internal/character/creator.go:586.5,586.33 1 0
github.com/hadnu/arcanum/internal/character/creator.go:586.33,588.6 1 0
github.com/hadnu/arcanum/internal/character/creator.go:588.11,588.39 1 0
github.com/hadnu/arcanum/internal/character/creator.go:588.39,591.24 1 0
github.com/hadnu/arcanum/internal/character/creator.go:591.24,593.7 1 0
github.com/hadnu/arcanum/internal/character/creator.go:595.5,595.10 1 0
github.com/hadnu/arcanum/internal/character/creator.go:599.3,599.21 1 0
github.com/hadnu/arcanum/internal/character/creator.go:599.21,601.4 1 0
github.com/hadnu/arcanum/internal/character/creator.go:602.3,602.20 1 0
github.com/hadnu/arcanum/internal/character/creator.go:602.20,604.4 1 0
github.com/hadnu/arcanum/internal/character/creator.go:607.3,608.95 2 0
github.com/hadnu/arcanum/internal/character/creator.go:611.2,611.12 1 0
github.com/hadnu/arcanum/internal/character/spells.go:19.70,21.35 2 0
github.com/hadnu/arcanum/internal/character/spells.go:21.35,23.3 1 0
github.com/hadnu/arcanum/internal/character/spells.go:24.2,24.41 1 0
github.com/hadnu/arcanum/internal/character/spells.go:24.41,25.41 1 0
github.com/hadnu/arcanum/internal/character/spells.go:25.41,27.4 1 0
github.com/hadnu/arcanum/internal/character/spells.go:28.3,28.41 1 0
github.com/hadnu/arcanum/internal/character/spells.go:30.2,30.56 1 0
github.com/hadnu/arcanum/internal/character/spells.go:33.64,34.6 1 0
github.com/hadnu/arcanum/internal/character/spells.go:34.6,54.22 19 0
github.com/hadnu/arcanum/internal/character/spells.go:54.22,56.4 1 0
github.com/hadnu/arcanum/internal/character/spells.go:57.3,59.17 2 0
github.com/hadnu/arcanum/internal/character/spells.go:60.12,61.10 1 0
github.com/hadnu/arcanum/internal/character/spells.go:62.12,63.44 1 0
github.com/hadnu/arcanum/internal/character/spells.go:64.12,65.43 1 0
github.com/hadnu/arcanum/internal/character/spells.go:66.12,67.43 1 0
github.com/hadnu/arcanum/internal/character/spells.go:68.12,69.43 1 0
github.com/hadnu/arcanum/internal/character/spells.go:70.12,71.43 1 0
github.com/hadnu/arcanum/internal/character/spells.go:72.12,73.43 1 0
github.com/hadnu/arcanum/internal/character/spells.go:74.12,75.43 1 0
github.com/hadnu/arcanum/internal/character/spells.go:76.12,77.43 1 0
github.com/hadnu/arcanum/internal/character/spells.go:78.12,79.43 1 0
github.com/hadnu/arcanum/internal/character/spells.go:80.13,81.43 1 0
github.com/hadnu/arcanum/internal/character/spells.go:82.13,83.25 1 0
github.com/hadnu/arcanum/internal/character/spells.go:84.13,85.28 1 0
github.com/hadnu/arcanum/internal/character/spells.go:86.11,87.33 1 0
github.com/hadnu/arcanum/internal/character/spells.go:92.88,94.27 2 0
github.com/hadnu/arcanum/internal/character/spells.go:94.27,97.3 2 0
github.com/hadnu/arcanum/internal/character/spells.go:99.2,99.6 1 0
github.com/hadnu/arcanum/internal/character/spells.go:99.6,101.33 2 0
github.com/hadnu/arcanum/internal/character/spells.go:101.33,103.4 1 0
github.com/hadnu/arcanum/internal/character/spells.go:104.3,107.22 3 0
github.com/hadnu/arcanum/internal/character/spells.go:107.22,109.4 1 0
github.com/hadnu/arcanum/internal/character/spells.go:110.3,111.20 2 0
github.com/hadnu/arcanum/internal/character/spells.go:111.20,113.4 1 0
github.com/hadnu/arcanum/internal/character/spells.go:115.3,116.96 2 0
github.com/hadnu/arcanum/internal/character/spells.go:116.96,118.12 2 0
github.com/hadnu/arcanum/internal/character/spells.go:121.3,121.42 1 0
github.com/hadnu/arcanum/internal/character/spells.go:125.59,126.6 1 0
github.com/hadnu/arcanum/internal/character/spells.go:126.6,128.31 2 0
github.com/hadnu/arcanum/internal/character/spells.go:128.31,130.19 2 0
github.com/hadnu/arcanum/internal/character/spells.go:130.19,132.5 1 0
github.com/hadnu/arcanum/internal/character/spells.go:133.4,133.73 1 0
github.com/hadnu/arcanum/internal/character/spells.go:135.3,138.22 3 0
github.com/hadnu/arcanum/internal/character/spells.go:138.22,140.4 1 0
github.com/hadnu/arcanum/internal/character/spells.go:141.3,142.20 2 0
github.com/hadnu/arcanum/internal/character/spells.go:142.20,144.4 1 0
github.com/hadnu/arcanum/internal/character/spells.go:146.3,147.94 2 0
github.com/hadnu/arcanum/internal/character/spells.go:147.94,149.12 2 0
github.com/hadnu/arcanum/internal/character/spells.go:152.3,152.40 1 0
github.com/hadnu/arcanum/internal/character/spells.go:156.62,158.21 2 0
github.com/hadnu/arcanum/internal/character/spells.go:158.21,160.3 1 0
github.com/hadnu/arcanum/internal/character/spells.go:161.2,162.17 2 0
github.com/hadnu/arcanum/internal/character/spells.go:162.17,164.3 1 0
github.com/hadnu/arcanum/internal/character/spells.go:166.2,167.30 2 0
github.com/hadnu/arcanum/internal/character/spells.go:167.30,168.55 1 0
github.com/hadnu/arcanum/internal/character/spells.go:168.55,170.4 1 0
github.com/hadnu/arcanum/internal/character/spells.go:173.2,173.23 1 0
github.com/hadnu/arcanum/internal/character/spells.go:173.23,176.3 2 0
github.com/hadnu/arcanum/internal/character/spells.go:178.2,178.6 1 0
github.com/hadnu/arcanum/internal/character/spells.go:178.6,180.29 2 0
github.com/hadnu/arcanum/internal/character/spells.go:180.29,182.19 2 0
github.com/hadnu/arcanum/internal/character/spells.go:182.19,184.5 1 0
github.com/hadnu/arcanum/internal/character/spells.go:185.4,185.73 1 0
github.com/hadnu/arcanum/internal/character/spells.go:187.3,190.22 3 0
github.com/hadnu/arcanum/internal/character/spells.go:190.22,192.4 1 0
github.com/hadnu/arcanum/internal/character/spells.go:193.3,194.20 2 0
github.com/hadnu/arcanum/internal/character/spells.go:194.20,196.4 1 0
github.com/hadnu/arcanum/internal/character/spells.go:198.3,199.92 2 0
github.com/hadnu/arcanum/internal/character/spells.go:199.92,201.12 2 0
github.com/hadnu/arcanum/internal/character/spells.go:204.3,204.38 1 0
github.com/hadnu/arcanum/internal/character/spells.go:208.65,210.21 2 0
github.com/hadnu/arcanum/internal/character/spells.go:210.21,212.3 1 0
github.com/hadnu/arcanum/internal/character/spells.go:214.2,215.29 2 0
github.com/hadnu/arcanum/internal/character/spells.go:215.29,217.3 1 0
github.com/hadnu/arcanum/internal/character/spells.go:218.2,218.30 1 0
github.com/hadnu/arcanum/internal/character/spells.go:218.30,220.3 1 0
github.com/hadnu/arcanum/internal/character/spells.go:221.2,221.31 1 0
github.com/hadnu/arcanum/internal/character/spells.go:221.31,223.42 2 0
github.com/hadnu/arcanum/internal/character/spells.go:223.42,225.4 1 0
github.com/hadnu/arcanum/internal/character/spells.go:226.3,226.39 1 0
github.com/hadnu/arcanum/internal/character/spells.go:229.2,230.34 2 0
github.com/hadnu/arcanum/internal/character/spells.go:230.34,232.3 1 0
github.com/hadnu/arcanum/internal/character/spells.go:234.2,242.25 9 0
github.com/hadnu/arcanum/internal/character/spells.go:242.25,244.3 1 0
github.com/hadnu/arcanum/internal/character/spells.go:245.2,245.18 1 0
github.com/hadnu/arcanum/internal/character/spells.go:245.18,247.3 1 0
github.com/hadnu/arcanum/internal/character/spells.go:248.2,248.25 1 0
github.com/hadnu/arcanum/internal/character/spells.go:248.25,250.33 2 0
github.com/hadnu/arcanum/internal/character/spells.go:250.33,252.4 1 0
github.com/hadnu/arcanum/internal/character/spells.go:253.3,253.54 1 0
github.com/hadnu/arcanum/internal/character/spells.go:255.2,255.26 1 0
github.com/hadnu/arcanum/internal/character/spells.go:255.26,257.3 1 0
github.com/hadnu/arcanum/internal/character/spells.go:258.2,258.23 1 0
github.com/hadnu/arcanum/internal/character/spells.go:258.23,260.3 1 0
github.com/hadnu/arcanum/internal/character/spells.go:261.2,261.18 1 0
github.com/hadnu/arcanum/internal/character/spells.go:261.18,263.3 1 0
github.com/hadnu/arcanum/internal/character/spells.go:264.2,264.22 1 0
github.com/hadnu/arcanum/internal/character/spells.go:264.22,266.3 1 0
github.com/hadnu/arcanum/internal/character/spells.go:267.2,270.16 4 0
github.com/hadnu/arcanum/internal/character/spells.go:273.71,275.30 2 0
github.com/hadnu/arcanum/internal/character/spells.go:275.30,276.23 1 0
github.com/hadnu/arcanum/internal/character/spells.go:276.23,278.4 1 0
github.com/hadnu/arcanum/internal/character/spells.go:280.2,280.15 1 0
github.com/hadnu/arcanum/internal/character/spells.go:283.96,285.30 2 0
github.com/hadnu/arcanum/internal/character/spells.go:285.30,286.23 1 0
github.com/hadnu/arcanum/internal/character/spells.go:286.23,287.32 1 0
github.com/hadnu/arcanum/internal/character/spells.go:287.32,288.21 1 0
github.com/hadnu/arcanum/internal/character/spells.go:288.21,290.11 2 0
github.com/hadnu/arcanum/internal/character/spells.go:295.2,295.15 1 0
github.com/hadnu/arcanum/internal/character/spells.go:298.163,300.25 2 0
github.com/hadnu/arcanum/internal/character/spells.go:300.25,303.3 2 0
github.com/hadnu/arcanum/internal/character/spells.go:306.2,308.30 3 0
github.com/hadnu/arcanum/internal/character/spells.go:308.30,309.19 1 0
github.com/hadnu/arcanum/internal/character/spells.go:309.19,311.4 1 0
github.com/hadnu/arcanum/internal/character/spells.go:311.9,313.4 1 0
github.com/hadnu/arcanum/internal/character/spells.go:316.2,319.44 2 0
github.com/hadnu/arcanum/internal/character/spells.go:319.44,321.35 2 0
github.com/hadnu/arcanum/internal/character/spells.go:321.35,323.4 1 0
github.com/hadnu/arcanum/internal/character/spells.go:324.3,324.32 1 0
github.com/hadnu/arcanum/internal/character/spells.go:324.32,326.23 2 0
github.com/hadnu/arcanum/internal/character/spells.go:326.23,327.10 1 0
github.com/hadnu/arcanum/internal/character/spells.go:329.4,330.21 2 0
github.com/hadnu/arcanum/internal/character/spells.go:330.21,331.10 1 0
github.com/hadnu/arcanum/internal/character/spells.go:333.4,334.99 2 0
github.com/hadnu/arcanum/internal/character/spells.go:334.99,336.13 2 0
github.com/hadnu/arcanum/internal/character/spells.go:338.4,340.31 3 0
github.com/hadnu/arcanum/internal/character/spells.go:340.31,341.25 1 0
github.com/hadnu/arcanum/internal/character/spells.go:341.25,343.11 2 0
github.com/hadnu/arcanum/internal/character/spells.go:346.4,346.23 1 0
github.com/hadnu/arcanum/internal/character/spells.go:346.23,348.13 2 0
github.com/hadnu/arcanum/internal/character/spells.go:350.4,350.38 1 0
github.com/hadnu/arcanum/internal/character/spells.go:355.2,355.45 1 0
github.com/hadnu/arcanum/internal/character/spells.go:355.45,357.35 2 0
github.com/hadnu/arcanum/internal/character/spells.go:357.35,359.4 1 0
github.com/hadnu/arcanum/internal/character/spells.go:360.3,361.35 2 0
github.com/hadnu/arcanum/internal/character/spells.go:361.35,363.23 2 0
github.com/hadnu/arcanum/internal/character/spells.go:363.23,364.10 1 0
github.com/hadnu/arcanum/internal/character/spells.go:366.4,367.21 2 0
github.com/hadnu/arcanum/internal/character/spells.go:367.21,368.10 1 0
github.com/hadnu/arcanum/internal/character/spells.go:370.4,371.99 2 0
github.com/hadnu/arcanum/internal/character/spells.go:371.99,373.13 2 0
github.com/hadnu/arcanum/internal/character/spells.go:375.4,377.31 3 0
github.com/hadnu/arcanum/internal/character/spells.go:377.31,378.25 1 0
github.com/hadnu/arcanum/internal/character/spells.go:378.25,380.11 2 0
github.com/hadnu/arcanum/internal/character/spells.go:383.4,383.23 1 0
github.com/hadnu/arcanum/internal/character/spells.go:383.23,385.13 2 0
github.com/hadnu/arcanum/internal/character/spells.go:387.4,388.21 2 0
github.com/hadnu/arcanum/internal/character/spells.go:392.2,392.17 1 0
github.com/hadnu/arcanum/internal/character/steps.go:11.80,13.28 2 0
github.com/hadnu/arcanum/internal/character/steps.go:13.28,15.3 1 0
github.com/hadnu/arcanum/internal/character/steps.go:16.2,16.38 1 0
github.com/hadnu/arcanum/internal/character/steps.go:16.38,16.74 1 0
github.com/hadnu/arcanum/internal/character/steps.go:17.2,17.12 1 0
github.com/hadnu/arcanum/internal/character/steps.go:20.95,22.24 2 0
github.com/hadnu/arcanum/internal/character/steps.go:22.24,24.3 1 0
github.com/hadnu/arcanum/internal/character/steps.go:25.2,25.38 1 0
github.com/hadnu/arcanum/internal/character/steps.go:25.38,25.74 1 0
github.com/hadnu/arcanum/internal/character/steps.go:26.2,26.12 1 0
github.com/hadnu/arcanum/internal/character/steps.go:29.86,31.28 2 0
github.com/hadnu/arcanum/internal/character/steps.go:31.28,33.3 1 0
github.com/hadnu/arcanum/internal/character/steps.go:34.2,34.38 1 0
github.com/hadnu/arcanum/internal/character/steps.go:34.38,34.74 1 0
github.com/hadnu/arcanum/internal/character/steps.go:35.2,35.12 1 0
github.com/hadnu/arcanum/internal/character/steps.go:38.58,39.48 1 0
github.com/hadnu/arcanum/internal/character/steps.go:39.48,40.23 1 0
github.com/hadnu/arcanum/internal/character/steps.go:40.23,42.4 1 0
github.com/hadnu/arcanum/internal/character/steps.go:44.2,44.12 1 0
github.com/hadnu/arcanum/internal/character/steps.go:47.37,66.44 13 0
github.com/hadnu/arcanum/internal/character/steps.go:66.44,68.3 1 0
github.com/hadnu/arcanum/internal/character/steps.go:69.2,71.40 3 0
github.com/hadnu/arcanum/internal/character/steps.go:71.40,72.36 1 0
github.com/hadnu/arcanum/internal/character/steps.go:72.36,74.4 1 0
github.com/hadnu/arcanum/internal/character/steps.go:76.2,76.22 1 0
github.com/hadnu/arcanum/internal/character/steps.go:76.22,79.29 3 0
github.com/hadnu/arcanum/internal/character/steps.go:79.29,81.4 1 0
github.com/hadnu/arcanum/internal/character/steps.go:83.2,83.134 1 0
github.com/hadnu/arcanum/internal/config/config.go:42.30,45.16 3 0
github.com/hadnu/arcanum/internal/config/config.go:45.16,47.3 1 0
github.com/hadnu/arcanum/internal/config/config.go:49.2,50.51 2 0
github.com/hadnu/arcanum/internal/config/config.go:50.51,52.3 1 0
github.com/hadnu/arcanum/internal/config/config.go:54.2,56.18 3 0
github.com/hadnu/arcanum/internal/config/config.go:59.42,60.34 1 0
github.com/hadnu/arcanum/internal/config/config.go:60.34,62.3 1 0
github.com/hadnu/arcanum/internal/config/config.go:63.2,63.17 1 0
github.com/hadnu/arcanum/internal/config/config.go:66.35,67.44 1 0
github.com/hadnu/arcanum/internal/config/config.go:67.44,69.3 1 0
github.com/hadnu/arcanum/internal/config/config.go:70.2,70.53 1 0
github.com/hadnu/arcanum/internal/config/config.go:70.53,72.3 1 0
github.com/hadnu/arcanum/internal/config/config.go:73.2,73.49 1 0
github.com/hadnu/arcanum/internal/config/config.go:73.49,75.3 1 0
github.com/hadnu/arcanum/internal/config/config.go:76.2,76.52 1 0
github.com/hadnu/arcanum/internal/config/config.go:76.52,78.3 1 0
github.com/hadnu/arcanum/internal/config/config.go:79.2,79.49 1 0
github.com/hadnu/arcanum/internal/config/config.go:79.49,81.3 1 0
github.com/hadnu/arcanum/internal/config/config.go:82.2,82.42 1 0
github.com/hadnu/arcanum/internal/config/config.go:82.42,84.3 1 0
github.com/hadnu/arcanum/internal/config/config.go:85.2,85.43 1 0
github.com/hadnu/arcanum/internal/config/config.go:85.43,87.3 1 0
github.com/hadnu/arcanum/internal/config/config.go:90.34,92.37 2 0
github.com/hadnu/arcanum/internal/config/config.go:92.37,93.43 1 0
github.com/hadnu/arcanum/internal/config/config.go:93.43,95.4 1 0
github.com/hadnu/arcanum/internal/config/config.go:97.2,97.15 1 0
github.com/hadnu/arcanum/internal/config/config.go:100.41,103.30 3 0
github.com/hadnu/arcanum/internal/config/config.go:103.30,104.18 1 0
github.com/hadnu/arcanum/internal/config/config.go:104.18,107.4 2 0
github.com/hadnu/arcanum/internal/config/config.go:107.9,109.4 1 0
github.com/hadnu/arcanum/internal/config/config.go:111.2,112.14 2 0
github.com/hadnu/arcanum/internal/config/config.go:115.28,117.102 2 0
github.com/hadnu/arcanum/internal/config/config.go:117.102,119.3 1 0
github.com/hadnu/arcanum/internal/config/config.go:120.2,121.99 2 0
github.com/hadnu/arcanum/internal/config/config.go:121.99,123.3 1 0
github.com/hadnu/arcanum/internal/config/config.go:124.2,124.21 1 0
github.com/hadnu/arcanum/internal/config/config.go:127.34,131.2 3 0
github.com/hadnu/arcanum/internal/config/config.go:133.35,134.23 1 0
github.com/hadnu/arcanum/internal/config/config.go:134.23,136.3 1 0
github.com/hadnu/arcanum/internal/config/config.go:137.2,137.10 1 0
github.com/hadnu/arcanum/frontend/node_modules/flatted/golang/pkg/flatted/flatted.go:16.68,21.30 4 0
github.com/hadnu/arcanum/frontend/node_modules/flatted/golang/pkg/flatted/flatted.go:21.30,27.3 5 0
github.com/hadnu/arcanum/frontend/node_modules/flatted/golang/pkg/flatted/flatted.go:29.2,29.28 1 0
github.com/hadnu/arcanum/frontend/node_modules/flatted/golang/pkg/flatted/flatted.go:29.28,30.15 1 0
github.com/hadnu/arcanum/frontend/node_modules/flatted/golang/pkg/flatted/flatted.go:30.15,32.4 1 0
github.com/hadnu/arcanum/frontend/node_modules/flatted/golang/pkg/flatted/flatted.go:33.3,35.100 3 0
github.com/hadnu/arcanum/frontend/node_modules/flatted/golang/pkg/flatted/flatted.go:35.100,36.32 1 0
github.com/hadnu/arcanum/frontend/node_modules/flatted/golang/pkg/flatted/flatted.go:36.32,37.31 1 0
github.com/hadnu/arcanum/frontend/node_modules/flatted/golang/pkg/flatted/flatted.go:37.31,38.16 1 0
github.com/hadnu/arcanum/frontend/node_modules/flatted/golang/pkg/flatted/flatted.go:38.16,40.7 1 0
github.com/hadnu/arcanum/frontend/node_modules/flatted/golang/pkg/flatted/flatted.go:41.11,43.59 2 0
github.com/hadnu/arcanum/frontend/node_modules/flatted/golang/pkg/flatted/flatted.go:43.59,45.7 1 0
github.com/hadnu/arcanum/frontend/node_modules/flatted/golang/pkg/flatted/flatted.go:48.4,48.19 1 0
github.com/hadnu/arcanum/frontend/node_modules/flatted/golang/pkg/flatted/flatted.go:50.3,50.11 1 0
github.com/hadnu/arcanum/frontend/node_modules/flatted/golang/pkg/flatted/flatted.go:53.2,53.31 1 0
github.com/hadnu/arcanum/frontend/node_modules/flatted/golang/pkg/flatted/flatted.go:53.31,55.20 2 0
github.com/hadnu/arcanum/frontend/node_modules/flatted/golang/pkg/flatted/flatted.go:55.20,57.4 1 0
github.com/hadnu/arcanum/frontend/node_modules/flatted/golang/pkg/flatted/flatted.go:58.3,58.38 1 0
github.com/hadnu/arcanum/frontend/node_modules/flatted/golang/pkg/flatted/flatted.go:58.38,60.4 1 0
github.com/hadnu/arcanum/frontend/node_modules/flatted/golang/pkg/flatted/flatted.go:62.3,62.47 1 0
github.com/hadnu/arcanum/frontend/node_modules/flatted/golang/pkg/flatted/flatted.go:62.47,64.4 1 0
github.com/hadnu/arcanum/frontend/node_modules/flatted/golang/pkg/flatted/flatted.go:65.3,65.20 1 0
github.com/hadnu/arcanum/frontend/node_modules/flatted/golang/pkg/flatted/flatted.go:66.37,68.34 2 0
github.com/hadnu/arcanum/frontend/node_modules/flatted/golang/pkg/flatted/flatted.go:68.34,70.5 1 0
github.com/hadnu/arcanum/frontend/node_modules/flatted/golang/pkg/flatted/flatted.go:71.4,71.14 1 0
github.com/hadnu/arcanum/frontend/node_modules/flatted/golang/pkg/flatted/flatted.go:72.20,75.41 3 0
github.com/hadnu/arcanum/frontend/node_modules/flatted/golang/pkg/flatted/flatted.go:75.41,77.5 1 0
github.com/hadnu/arcanum/frontend/node_modules/flatted/golang/pkg/flatted/flatted.go:79.4,80.29 2 0
github.com/hadnu/arcanum/frontend/node_modules/flatted/golang/pkg/flatted/flatted.go:80.29,82.20 2 0
github.com/hadnu/arcanum/frontend/node_modules/flatted/golang/pkg/flatted/flatted.go:82.20,84.34 2 0
github.com/hadnu/arcanum/frontend/node_modules/flatted/golang/pkg/flatted/flatted.go:84.34,85.20 1 0
github.com/hadnu/arcanum/frontend/node_modules/flatted/golang/pkg/flatted/flatted.go:85.20,87.13 2 0
github.com/hadnu/arcanum/frontend/node_modules/flatted/golang/pkg/flatted/flatted.go:90.6,90.16 1 0
github.com/hadnu/arcanum/frontend/node_modules/flatted/golang/pkg/flatted/flatted.go:90.16,91.15 1 0
github.com/hadnu/arcanum/frontend/node_modules/flatted/golang/pkg/flatted/flatted.go:94.5,94.53 1 0
github.com/hadnu/arcanum/frontend/node_modules/flatted/golang/pkg/flatted/flatted.go:96.4,96.14 1 0
github.com/hadnu/arcanum/frontend/node_modules/flatted/golang/pkg/flatted/flatted.go:97.23,100.39 3 0
github.com/hadnu/arcanum/frontend/node_modules/flatted/golang/pkg/flatted/flatted.go:100.39,102.28 2 0
github.com/hadnu/arcanum/frontend/node_modules/flatted/golang/pkg/flatted/flatted.go:102.28,103.14 1 0
github.com/hadnu/arcanum/frontend/node_modules/flatted/golang/pkg/flatted/flatted.go:105.5,106.48 2 0
github.com/hadnu/arcanum/frontend/node_modules/flatted/golang/pkg/flatted/flatted.go:106.48,108.6 1 0
github.com/hadnu/arcanum/frontend/node_modules/flatted/golang/pkg/flatted/flatted.go:109.5,109.48 1 0
github.com/hadnu/arcanum/frontend/node_modules/flatted/golang/pkg/flatted/flatted.go:111.4,111.14 1 0
github.com/hadnu/arcanum/frontend/node_modules/flatted/golang/pkg/flatted/flatted.go:112.11,113.12 1 0
github.com/hadnu/arcanum/frontend/node_modules/flatted/golang/pkg/flatted/flatted.go:117.2,119.34 3 0
github.com/hadnu/arcanum/frontend/node_modules/flatted/golang/pkg/flatted/flatted.go:119.34,121.3 1 0
github.com/hadnu/arcanum/frontend/node_modules/flatted/golang/pkg/flatted/flatted.go:123.2,126.33 4 0
github.com/hadnu/arcanum/frontend/node_modules/flatted/golang/pkg/flatted/flatted.go:126.33,128.3 1 0
github.com/hadnu/arcanum/frontend/node_modules/flatted/golang/pkg/flatted/flatted.go:128.8,128.37 1 0
github.com/hadnu/arcanum/frontend/node_modules/flatted/golang/pkg/flatted/flatted.go:128.37,130.3 1 0
github.com/hadnu/arcanum/frontend/node_modules/flatted/golang/pkg/flatted/flatted.go:132.2,132.18 1 0
github.com/hadnu/arcanum/frontend/node_modules/flatted/golang/pkg/flatted/flatted.go:132.18,134.3 1 0
github.com/hadnu/arcanum/frontend/node_modules/flatted/golang/pkg/flatted/flatted.go:134.8,136.3 1 0
github.com/hadnu/arcanum/frontend/node_modules/flatted/golang/pkg/flatted/flatted.go:138.2,138.16 1 0
github.com/hadnu/arcanum/frontend/node_modules/flatted/golang/pkg/flatted/flatted.go:138.16,140.3 1 0
github.com/hadnu/arcanum/frontend/node_modules/flatted/golang/pkg/flatted/flatted.go:141.2,141.23 1 0
github.com/hadnu/arcanum/frontend/node_modules/flatted/golang/pkg/flatted/flatted.go:145.79,147.65 2 0
github.com/hadnu/arcanum/frontend/node_modules/flatted/golang/pkg/flatted/flatted.go:147.65,149.3 1 0
github.com/hadnu/arcanum/frontend/node_modules/flatted/golang/pkg/flatted/flatted.go:151.2,152.25 2 0
github.com/hadnu/arcanum/frontend/node_modules/flatted/golang/pkg/flatted/flatted.go:152.25,153.30 1 0
github.com/hadnu/arcanum/frontend/node_modules/flatted/golang/pkg/flatted/flatted.go:153.30,155.4 1 0
github.com/hadnu/arcanum/frontend/node_modules/flatted/golang/pkg/flatted/flatted.go:156.3,156.31 1 0
github.com/hadnu/arcanum/frontend/node_modules/flatted/golang/pkg/flatted/flatted.go:156.31,157.29 1 0
github.com/hadnu/arcanum/frontend/node_modules/flatted/golang/pkg/flatted/flatted.go:157.29,159.5 1 0
github.com/hadnu/arcanum/frontend/node_modules/flatted/golang/pkg/flatted/flatted.go:160.4,160.14 1 0
github.com/hadnu/arcanum/frontend/node_modules/flatted/golang/pkg/flatted/flatted.go:162.3,162.38 1 0
github.com/hadnu/arcanum/frontend/node_modules/flatted/golang/pkg/flatted/flatted.go:162.38,163.27 1 0
github.com/hadnu/arcanum/frontend/node_modules/flatted/golang/pkg/flatted/flatted.go:163.27,165.5 1 0
github.com/hadnu/arcanum/frontend/node_modules/flatted/golang/pkg/flatted/flatted.go:166.4,166.12 1 0
github.com/hadnu/arcanum/frontend/node_modules/flatted/golang/pkg/flatted/flatted.go:168.3,168.11 1 0
github.com/hadnu/arcanum/frontend/node_modules/flatted/golang/pkg/flatted/flatted.go:171.2,172.30 2 0
github.com/hadnu/arcanum/frontend/node_modules/flatted/golang/pkg/flatted/flatted.go:172.30,174.3 1 0
github.com/hadnu/arcanum/frontend/node_modules/flatted/golang/pkg/flatted/flatted.go:176.2,177.28 2 0
github.com/hadnu/arcanum/frontend/node_modules/flatted/golang/pkg/flatted/flatted.go:177.28,178.37 1 0
github.com/hadnu/arcanum/frontend/node_modules/flatted/golang/pkg/flatted/flatted.go:178.37,180.4 1 0
github.com/hadnu/arcanum/frontend/node_modules/flatted/golang/pkg/flatted/flatted.go:180.9,182.4 1 0
github.com/hadnu/arcanum/frontend/node_modules/flatted/golang/pkg/flatted/flatted.go:185.2,185.21 1 0
github.com/hadnu/arcanum/frontend/node_modules/flatted/golang/pkg/flatted/flatted.go:185.21,187.3 1 0
github.com/hadnu/arcanum/frontend/node_modules/flatted/golang/pkg/flatted/flatted.go:189.2,191.78 3 0
github.com/hadnu/arcanum/frontend/node_modules/flatted/golang/pkg/flatted/flatted.go:191.78,195.21 4 0
github.com/hadnu/arcanum/frontend/node_modules/flatted/golang/pkg/flatted/flatted.go:195.21,197.4 1 0
github.com/hadnu/arcanum/frontend/node_modules/flatted/golang/pkg/flatted/flatted.go:198.3,198.18 1 0
github.com/hadnu/arcanum/frontend/node_modules/flatted/golang/pkg/flatted/flatted.go:201.2,201.20 1 0
github.com/hadnu/arcanum/frontend/node_modules/flatted/golang/pkg/flatted/flatted.go:201.20,203.3 1 0
github.com/hadnu/arcanum/frontend/node_modules/flatted/golang/pkg/flatted/flatted.go:204.2,204.19 1 0
github.com/hadnu/arcanum/frontend/node_modules/flatted/golang/pkg/flatted/flatted.go:207.75,208.34 1 0
github.com/hadnu/arcanum/frontend/node_modules/flatted/golang/pkg/flatted/flatted.go:208.34,209.25 1 0
github.com/hadnu/arcanum/frontend/node_modules/flatted/golang/pkg/flatted/flatted.go:209.25,211.4 1 0
github.com/hadnu/arcanum/frontend/node_modules/flatted/golang/pkg/flatted/flatted.go:212.8,212.48 1 0
github.com/hadnu/arcanum/frontend/node_modules/flatted/golang/pkg/flatted/flatted.go:212.48,214.20 2 0
github.com/hadnu/arcanum/frontend/node_modules/flatted/golang/pkg/flatted/flatted.go:214.20,216.4 1 0
github.com/hadnu/arcanum/frontend/node_modules/flatted/golang/pkg/flatted/flatted.go:217.3,218.26 2 0
github.com/hadnu/arcanum/frontend/node_modules/flatted/golang/pkg/flatted/flatted.go:218.26,220.4 1 0
github.com/hadnu/arcanum/frontend/node_modules/flatted/golang/pkg/flatted/flatted.go:222.2,222.28 1 0
github.com/hadnu/arcanum/frontend/node_modules/flatted/golang/pkg/flatted/flatted.go:225.61,226.34 1 0
github.com/hadnu/arcanum/frontend/node_modules/flatted/golang/pkg/flatted/flatted.go:226.34,227.25 1 0
github.com/hadnu/arcanum/frontend/node_modules/flatted/golang/pkg/flatted/flatted.go:227.25,228.38 1 0
github.com/hadnu/arcanum/frontend/node_modules/flatted/golang/pkg/flatted/flatted.go:228.38,231.5 2 0
github.com/hadnu/arcanum/frontend/node_modules/flatted/golang/pkg/flatted/flatted.go:233.3,233.13 1 0
github.com/hadnu/arcanum/frontend/node_modules/flatted/golang/pkg/flatted/flatted.go:235.2,235.41 1 0
github.com/hadnu/arcanum/frontend/node_modules/flatted/golang/pkg/flatted/flatted.go:235.41,236.23 1 0
github.com/hadnu/arcanum/frontend/node_modules/flatted/golang/pkg/flatted/flatted.go:236.23,237.38 1 0
github.com/hadnu/arcanum/frontend/node_modules/flatted/golang/pkg/flatted/flatted.go:237.38,240.5 2 0
github.com/hadnu/arcanum/frontend/node_modules/flatted/golang/pkg/flatted/flatted.go:242.3,242.11 1 0
github.com/hadnu/arcanum/frontend/node_modules/flatted/golang/pkg/flatted/flatted.go:244.2,244.14 1 0
github.com/hadnu/arcanum/frontend/node_modules/flatted/golang/pkg/flatted/flatted.go:247.60,249.78 2 0
github.com/hadnu/arcanum/frontend/node_modules/flatted/golang/pkg/flatted/flatted.go:249.78,251.16 2 0
github.com/hadnu/arcanum/frontend/node_modules/flatted/golang/pkg/flatted/flatted.go:251.16,254.4 2 0
github.com/hadnu/arcanum/frontend/node_modules/flatted/golang/pkg/flatted/flatted.go:256.2,256.14 1 0
github.com/hadnu/arcanum/frontend/node_modules/flatted/golang/pkg/flatted/flatted.go:260.37,262.16 2 0
github.com/hadnu/arcanum/frontend/node_modules/flatted/golang/pkg/flatted/flatted.go:262.16,264.3 1 0
github.com/hadnu/arcanum/frontend/node_modules/flatted/golang/pkg/flatted/flatted.go:265.2,267.17 3 0
github.com/hadnu/arcanum/frontend/node_modules/flatted/golang/pkg/flatted/flatted.go:271.39,273.16 2 0
github.com/hadnu/arcanum/frontend/node_modules/flatted/golang/pkg/flatted/flatted.go:273.16,275.3 1 0
github.com/hadnu/arcanum/frontend/node_modules/flatted/golang/pkg/flatted/flatted.go:276.2,276.30 1 0
github.com/hadnu/arcanum/internal/content/loader.go:13.75,16.16 3 0
github.com/hadnu/arcanum/internal/content/loader.go:16.16,18.3 1 0
github.com/hadnu/arcanum/internal/content/loader.go:19.2,19.32 1 0
github.com/hadnu/arcanum/internal/content/loader.go:19.32,20.21 1 0
github.com/hadnu/arcanum/internal/content/loader.go:20.21,21.12 1 0
github.com/hadnu/arcanum/internal/content/loader.go:23.3,25.17 3 0
github.com/hadnu/arcanum/internal/content/loader.go:25.17,27.4 1 0
github.com/hadnu/arcanum/internal/content/loader.go:28.3,28.27 1 0
github.com/hadnu/arcanum/internal/content/loader.go:28.27,30.18 2 0
github.com/hadnu/arcanum/internal/content/loader.go:30.18,32.13 2 0
github.com/hadnu/arcanum/internal/content/loader.go:34.4,34.21 1 0
github.com/hadnu/arcanum/internal/content/loader.go:34.21,35.13 1 0
github.com/hadnu/arcanum/internal/content/loader.go:37.4,38.18 2 0
github.com/hadnu/arcanum/internal/content/loader.go:38.18,40.13 2 0
github.com/hadnu/arcanum/internal/content/loader.go:42.4,42.46 1 0
github.com/hadnu/arcanum/internal/content/loader.go:45.2,45.22 1 0
github.com/hadnu/arcanum/internal/content/loader.go:48.65,50.16 2 0
github.com/hadnu/arcanum/internal/content/loader.go:50.16,52.3 1 0
github.com/hadnu/arcanum/internal/content/loader.go:54.2,55.52 2 0
github.com/hadnu/arcanum/internal/content/loader.go:55.52,57.3 1 0
github.com/hadnu/arcanum/internal/content/loader.go:59.2,59.18 1 0
github.com/hadnu/arcanum/internal/content/loader.go:62.85,65.29 2 0
github.com/hadnu/arcanum/internal/content/loader.go:65.29,66.31 1 0
github.com/hadnu/arcanum/internal/content/loader.go:66.31,68.51 2 0
github.com/hadnu/arcanum/internal/content/loader.go:68.51,70.5 1 0
github.com/hadnu/arcanum/internal/content/loader.go:71.4,71.31 1 0
github.com/hadnu/arcanum/internal/content/loader.go:73.3,73.35 1 0
github.com/hadnu/arcanum/internal/content/loader.go:73.35,75.55 2 0
github.com/hadnu/arcanum/internal/content/loader.go:75.55,77.5 1 0
github.com/hadnu/arcanum/internal/content/loader.go:78.4,78.35 1 0
github.com/hadnu/arcanum/internal/content/loader.go:80.3,80.31 1 0
github.com/hadnu/arcanum/internal/content/loader.go:80.31,82.51 2 0
github.com/hadnu/arcanum/internal/content/loader.go:82.51,84.5 1 0
github.com/hadnu/arcanum/internal/content/loader.go:85.4,85.31 1 0
github.com/hadnu/arcanum/internal/content/loader.go:87.3,87.30 1 0
github.com/hadnu/arcanum/internal/content/loader.go:87.30,89.50 2 0
github.com/hadnu/arcanum/internal/content/loader.go:89.50,91.5 1 0
github.com/hadnu/arcanum/internal/content/loader.go:92.4,92.30 1 0
github.com/hadnu/arcanum/internal/content/loader.go:94.3,94.29 1 0
github.com/hadnu/arcanum/internal/content/loader.go:94.29,96.52 2 0
github.com/hadnu/arcanum/internal/content/loader.go:96.52,98.5 1 0
github.com/hadnu/arcanum/internal/content/loader.go:99.4,99.35 1 0
github.com/hadnu/arcanum/internal/content/loader.go:101.3,101.29 1 0
github.com/hadnu/arcanum/internal/content/loader.go:101.29,103.49 2 0
github.com/hadnu/arcanum/internal/content/loader.go:103.49,105.5 1 0
github.com/hadnu/arcanum/internal/content/loader.go:106.4,106.29 1 0
github.com/hadnu/arcanum/internal/content/loader.go:108.3,108.32 1 0
github.com/hadnu/arcanum/internal/content/loader.go:108.32,110.52 2 0
github.com/hadnu/arcanum/internal/content/loader.go:110.52,112.5 1 0
github.com/hadnu/arcanum/internal/content/loader.go:113.4,113.32 1 0
github.com/hadnu/arcanum/internal/content/loader.go:115.3,115.34 1 0
github.com/hadnu/arcanum/internal/content/loader.go:115.34,117.54 2 0
github.com/hadnu/arcanum/internal/content/loader.go:117.54,119.5 1 0
github.com/hadnu/arcanum/internal/content/loader.go:120.4,120.34 1 0
github.com/hadnu/arcanum/internal/content/loader.go:124.2,124.22 1 0
github.com/hadnu/arcanum/internal/content/loader.go:127.76,128.30 1 0
github.com/hadnu/arcanum/internal/content/loader.go:128.30,129.33 1 0
github.com/hadnu/arcanum/internal/content/loader.go:129.33,131.4 1 0
github.com/hadnu/arcanum/internal/content/loader.go:133.2,133.34 1 0
github.com/hadnu/arcanum/internal/content/loader.go:133.34,134.37 1 0
github.com/hadnu/arcanum/internal/content/loader.go:134.37,136.4 1 0
github.com/hadnu/arcanum/internal/content/loader.go:138.2,138.30 1 0
github.com/hadnu/arcanum/internal/content/loader.go:138.30,139.33 1 0
github.com/hadnu/arcanum/internal/content/loader.go:139.33,141.4 1 0
github.com/hadnu/arcanum/internal/content/loader.go:143.2,143.28 1 0
github.com/hadnu/arcanum/internal/content/loader.go:143.28,144.31 1 0
github.com/hadnu/arcanum/internal/content/loader.go:144.31,146.4 1 0
github.com/hadnu/arcanum/internal/content/loader.go:148.2,148.29 1 0
github.com/hadnu/arcanum/internal/content/loader.go:148.29,149.32 1 0
github.com/hadnu/arcanum/internal/content/loader.go:149.32,151.4 1 0
github.com/hadnu/arcanum/internal/content/loader.go:153.2,153.28 1 0
github.com/hadnu/arcanum/internal/content/loader.go:153.28,154.31 1 0
github.com/hadnu/arcanum/internal/content/loader.go:154.31,156.4 1 0
github.com/hadnu/arcanum/internal/content/loader.go:158.2,158.31 1 0
github.com/hadnu/arcanum/internal/content/loader.go:158.31,159.34 1 0
github.com/hadnu/arcanum/internal/content/loader.go:159.34,161.4 1 0
github.com/hadnu/arcanum/internal/content/loader.go:163.2,163.33 1 0
github.com/hadnu/arcanum/internal/content/loader.go:163.33,164.36 1 0
github.com/hadnu/arcanum/internal/content/loader.go:164.36,166.4 1 0
github.com/hadnu/arcanum/internal/content/loader.go:168.2,168.10 1 0
github.com/hadnu/arcanum/internal/database/db.go:10.40,12.16 2 0
github.com/hadnu/arcanum/internal/database/db.go:12.16,14.3 1 0
github.com/hadnu/arcanum/internal/database/db.go:16.2,18.34 2 0
[...]
github.com/hadnu/arcanum/internal/engine/apply.go:126.2,127.35 2 0
github.com/hadnu/arcanum/internal/engine/apply.go:127.35,129.3 1 0
github.com/hadnu/arcanum/internal/engine/apply.go:130.2,130.14 1 0
github.com/hadnu/arcanum/internal/engine/apply.go:133.122,135.9 2 0
github.com/hadnu/arcanum/internal/engine/apply.go:135.9,137.3 1 0
github.com/hadnu/arcanum/internal/engine/apply.go:138.2,138.30 1 0
github.com/hadnu/arcanum/internal/engine/apply.go:138.30,140.3 1 0
github.com/hadnu/arcanum/internal/engine/apply.go:141.2,141.14 1 0
github.com/hadnu/arcanum/internal/engine/apply.go:144.128,146.9 2 0
github.com/hadnu/arcanum/internal/engine/apply.go:146.9,148.3 1 0
github.com/hadnu/arcanum/internal/engine/apply.go:149.2,154.14 2 0
github.com/hadnu/arcanum/internal/engine/apply.go:157.128,159.9 2 0
github.com/hadnu/arcanum/internal/engine/apply.go:159.9,161.3 1 0
github.com/hadnu/arcanum/internal/engine/apply.go:162.2,163.36 2 0
github.com/hadnu/arcanum/internal/engine/apply.go:163.36,164.39 1 0
github.com/hadnu/arcanum/internal/engine/apply.go:164.39,166.4 1 0
github.com/hadnu/arcanum/internal/engine/apply.go:168.2,169.14 2 0
github.com/hadnu/arcanum/internal/engine/apply.go:172.120,174.2 1 0
github.com/hadnu/arcanum/internal/engine/apply.go:176.120,178.2 1 0
github.com/hadnu/arcanum/internal/engine/apply.go:180.128,182.2 1 0
github.com/hadnu/arcanum/internal/engine/apply.go:184.124,186.2 1 0
github.com/hadnu/arcanum/internal/engine/apply.go:188.126,190.2 1 0
github.com/hadnu/arcanum/internal/engine/apply.go:192.122,194.2 1 0
github.com/hadnu/arcanum/internal/engine/apply.go:196.120,198.9 2 0
github.com/hadnu/arcanum/internal/engine/apply.go:198.9,200.3 1 0
github.com/hadnu/arcanum/internal/engine/apply.go:201.2,206.14 2 0
github.com/hadnu/arcanum/internal/engine/apply.go:209.120,211.2 1 0
github.com/hadnu/arcanum/internal/engine/apply.go:213.122,215.9 2 0
github.com/hadnu/arcanum/internal/engine/apply.go:215.9,217.3 1 0
github.com/hadnu/arcanum/internal/engine/apply.go:218.2,218.37 1 0
github.com/hadnu/arcanum/internal/engine/apply.go:218.37,219.39 1 0
github.com/hadnu/arcanum/internal/engine/apply.go:219.39,221.37 2 0
github.com/hadnu/arcanum/internal/engine/apply.go:221.37,223.5 1 0
github.com/hadnu/arcanum/internal/engine/apply.go:224.4,224.9 1 0
github.com/hadnu/arcanum/internal/engine/apply.go:227.2,227.14 1 0
github.com/hadnu/arcanum/internal/engine/apply.go:230.128,232.9 2 0
github.com/hadnu/arcanum/internal/engine/apply.go:232.9,234.3 1 0
github.com/hadnu/arcanum/internal/engine/apply.go:235.2,235.37 1 0
github.com/hadnu/arcanum/internal/engine/apply.go:235.37,236.39 1 0
github.com/hadnu/arcanum/internal/engine/apply.go:236.39,238.57 2 0
github.com/hadnu/arcanum/internal/engine/apply.go:238.57,240.5 1 0
github.com/hadnu/arcanum/internal/engine/apply.go:241.4,241.9 1 0
github.com/hadnu/arcanum/internal/engine/apply.go:244.2,244.14 1 0
github.com/hadnu/arcanum/internal/engine/apply.go:247.126,249.9 2 0
github.com/hadnu/arcanum/internal/engine/apply.go:249.9,251.3 1 0
github.com/hadnu/arcanum/internal/engine/apply.go:252.2,255.33 4 0
github.com/hadnu/arcanum/internal/engine/apply.go:255.33,256.31 1 0
github.com/hadnu/arcanum/internal/engine/apply.go:256.31,258.9 2 0
github.com/hadnu/arcanum/internal/engine/apply.go:261.2,261.27 1 0
github.com/hadnu/arcanum/internal/engine/apply.go:261.27,263.3 1 0
github.com/hadnu/arcanum/internal/engine/apply.go:264.2,264.14 1 0
github.com/hadnu/arcanum/internal/engine/apply.go:267.132,270.2 2 0
github.com/hadnu/arcanum/internal/engine/apply.go:272.128,279.2 2 0
github.com/hadnu/arcanum/internal/engine/apply.go:281.128,283.8 2 0
github.com/hadnu/arcanum/internal/engine/apply.go:283.8,286.3 2 0
github.com/hadnu/arcanum/internal/engine/apply.go:287.2,287.14 1 0
github.com/hadnu/arcanum/internal/engine/apply.go:290.128,292.2 1 0
github.com/hadnu/arcanum/internal/engine/apply.go:294.118,296.8 2 0
github.com/hadnu/arcanum/internal/engine/apply.go:296.8,298.3 1 0
github.com/hadnu/arcanum/internal/engine/apply.go:299.2,299.14 1 0
github.com/hadnu/arcanum/internal/engine/apply.go:302.114,304.2 1 0
github.com/hadnu/arcanum/internal/engine/apply.go:306.124,308.8 2 0
github.com/hadnu/arcanum/internal/engine/apply.go:308.8,310.3 1 0
github.com/hadnu/arcanum/internal/engine/apply.go:311.2,311.14 1 0
github.com/hadnu/arcanum/internal/engine/apply.go:314.124,316.9 2 0
github.com/hadnu/arcanum/internal/engine/apply.go:316.9,318.3 1 0
github.com/hadnu/arcanum/internal/engine/apply.go:319.2,320.32 2 0
github.com/hadnu/arcanum/internal/engine/apply.go:320.32,322.3 1 0
github.com/hadnu/arcanum/internal/engine/apply.go:323.2,327.14 2 0
github.com/hadnu/arcanum/internal/engine/apply.go:330.124,332.9 2 0
github.com/hadnu/arcanum/internal/engine/apply.go:332.9,334.3 1 0
github.com/hadnu/arcanum/internal/engine/apply.go:335.2,336.41 2 0
github.com/hadnu/arcanum/internal/engine/apply.go:336.41,337.34 1 0
github.com/hadnu/arcanum/internal/engine/apply.go:337.34,339.4 1 0
github.com/hadnu/arcanum/internal/engine/apply.go:341.2,342.14 2 0
github.com/hadnu/arcanum/internal/engine/apply.go:345.130,347.2 1 0
github.com/hadnu/arcanum/internal/engine/engine.go:43.69,52.2 5 0
github.com/hadnu/arcanum/internal/engine/engine.go:54.55,65.2 3 0
github.com/hadnu/arcanum/internal/engine/engine.go:67.74,69.27 2 0
github.com/hadnu/arcanum/internal/engine/engine.go:69.27,71.3 1 0
github.com/hadnu/arcanum/internal/engine/engine.go:72.2,81.3 3 0
github.com/hadnu/arcanum/internal/engine/engine.go:84.68,86.27 2 0
github.com/hadnu/arcanum/internal/engine/engine.go:86.27,88.3 1 0
github.com/hadnu/arcanum/internal/engine/engine.go:89.2,89.14 1 0
github.com/hadnu/arcanum/internal/engine/derive/character.go:72.99,77.31 3 0
github.com/hadnu/arcanum/internal/engine/derive/character.go:77.31,84.3 6 0
github.com/hadnu/arcanum/internal/engine/derive/character.go:86.2,87.49 2 0
github.com/hadnu/arcanum/internal/engine/derive/character.go:87.49,88.24 1 0
github.com/hadnu/arcanum/internal/engine/derive/character.go:88.24,90.4 1 0
github.com/hadnu/arcanum/internal/engine/derive/character.go:93.2,108.52 4 0
github.com/hadnu/arcanum/internal/engine/derive/character.go:108.52,110.3 1 0
github.com/hadnu/arcanum/internal/engine/derive/character.go:111.2,111.44 1 0
github.com/hadnu/arcanum/internal/engine/derive/character.go:111.44,113.20 2 0
github.com/hadnu/arcanum/internal/engine/derive/character.go:113.20,115.4 1 0
github.com/hadnu/arcanum/internal/engine/derive/character.go:116.3,116.20 1 0
github.com/hadnu/arcanum/internal/engine/derive/character.go:118.2,122.40 3 0
github.com/hadnu/arcanum/internal/engine/derive/character.go:122.40,132.3 5 0
github.com/hadnu/arcanum/internal/engine/derive/character.go:133.2,135.33 2 0
github.com/hadnu/arcanum/internal/engine/derive/character.go:135.33,137.48 2 0
github.com/hadnu/arcanum/internal/engine/derive/character.go:137.48,139.4 1 0
github.com/hadnu/arcanum/internal/engine/derive/character.go:140.3,145.5 1 0
github.com/hadnu/arcanum/internal/engine/derive/character.go:149.2,155.32 3 0
github.com/hadnu/arcanum/internal/engine/derive/character.go:155.32,156.43 1 0
github.com/hadnu/arcanum/internal/engine/derive/character.go:156.43,159.15 3 0
github.com/hadnu/arcanum/internal/engine/derive/character.go:159.15,161.5 1 0
github.com/hadnu/arcanum/internal/engine/derive/character.go:162.4,163.32 2 0
github.com/hadnu/arcanum/internal/engine/derive/character.go:168.2,169.31 2 0
github.com/hadnu/arcanum/internal/engine/derive/character.go:169.31,170.50 1 0
github.com/hadnu/arcanum/internal/engine/derive/character.go:170.50,172.15 2 0
github.com/hadnu/arcanum/internal/engine/derive/character.go:172.15,174.5 1 0
github.com/hadnu/arcanum/internal/engine/derive/character.go:175.4,176.39 2 0
github.com/hadnu/arcanum/internal/engine/derive/character.go:180.2,180.14 1 0
github.com/hadnu/arcanum/internal/engine/derive/character.go:183.151,185.33 2 0
github.com/hadnu/arcanum/internal/engine/derive/character.go:185.33,187.21 2 0
github.com/hadnu/arcanum/internal/engine/derive/character.go:187.21,188.12 1 0
github.com/hadnu/arcanum/internal/engine/derive/character.go:190.3,191.48 2 0
github.com/hadnu/arcanum/internal/engine/derive/character.go:191.48,196.35 4 0
github.com/hadnu/arcanum/internal/engine/derive/character.go:196.35,197.29 1 0
github.com/hadnu/arcanum/internal/engine/derive/character.go:197.29,200.11 3 0
github.com/hadnu/arcanum/internal/engine/derive/character.go:203.4,212.6 2 0
github.com/hadnu/arcanum/internal/engine/derive/character.go:215.2,215.14 1 0
github.com/hadnu/arcanum/internal/engine/derive/character.go:218.120,220.9 2 0
github.com/hadnu/arcanum/internal/engine/derive/character.go:220.9,222.3 1 0
github.com/hadnu/arcanum/internal/engine/derive/character.go:224.2,224.25 1 0
github.com/hadnu/arcanum/internal/engine/derive/character.go:224.25,225.37 1 0
github.com/hadnu/arcanum/internal/engine/derive/character.go:225.37,226.64 1 0
github.com/hadnu/arcanum/internal/engine/derive/character.go:226.64,228.5 1 0
github.com/hadnu/arcanum/internal/engine/derive/character.go:231.2,231.25 1 0
github.com/hadnu/arcanum/internal/engine/derive/character.go:234.106,236.33 2 0
github.com/hadnu/arcanum/internal/engine/derive/character.go:236.33,238.58 2 0
github.com/hadnu/arcanum/internal/engine/derive/character.go:238.58,240.4 1 0
github.com/hadnu/arcanum/internal/engine/derive/character.go:244.2,244.35 1 0
github.com/hadnu/arcanum/internal/engine/derive/character.go:244.35,246.3 1 0
github.com/hadnu/arcanum/internal/engine/derive/character.go:249.2,249.34 1 0
github.com/hadnu/arcanum/internal/engine/derive/character.go:249.34,251.3 1 0
github.com/hadnu/arcanum/internal/engine/derive/character.go:253.2,253.12 1 0
github.com/hadnu/arcanum/internal/engine/derive/character.go:256.120,258.9 2 0
github.com/hadnu/arcanum/internal/engine/derive/character.go:258.9,260.3 1 0
github.com/hadnu/arcanum/internal/engine/derive/character.go:261.2,261.33 1 0
github.com/hadnu/arcanum/internal/engine/derive/character.go:261.33,262.27 1 0
github.com/hadnu/arcanum/internal/engine/derive/character.go:262.27,263.29 1 0
github.com/hadnu/arcanum/internal/engine/derive/character.go:263.29,265.46 2 0
github.com/hadnu/arcanum/internal/engine/derive/character.go:265.46,266.19 1 0
github.com/hadnu/arcanum/internal/engine/derive/character.go:266.19,268.7 1 0
github.com/hadnu/arcanum/internal/engine/derive/character.go:270.5,270.18 1 0
github.com/hadnu/arcanum/internal/engine/derive/character.go:274.2,274.12 1 0
github.com/hadnu/arcanum/internal/engine/derive/character.go:277.116,279.33 2 0
github.com/hadnu/arcanum/internal/engine/derive/character.go:279.33,281.58 2 0
github.com/hadnu/arcanum/internal/engine/derive/character.go:281.58,282.12 1 0
github.com/hadnu/arcanum/internal/engine/derive/character.go:285.3,285.20 1 0
github.com/hadnu/arcanum/internal/engine/derive/character.go:286.32,287.26 1 0
github.com/hadnu/arcanum/internal/engine/derive/character.go:288.32,290.57 1 0
github.com/hadnu/arcanum/internal/engine/derive/character.go:291.33,293.30 1 0
github.com/hadnu/arcanum/internal/engine/derive/character.go:297.2,297.22 1 0
github.com/hadnu/arcanum/internal/engine/derive/character.go:297.22,299.3 1 0
github.com/hadnu/arcanum/internal/engine/derive/character.go:303.2,303.22 1 0
github.com/hadnu/arcanum/internal/engine/derive/character.go:303.22,305.3 1 0
github.com/hadnu/arcanum/internal/engine/derive/character.go:307.2,331.18 3 0
github.com/hadnu/arcanum/internal/engine/derive/character.go:331.18,333.3 1 0
github.com/hadnu/arcanum/internal/engine/derive/character.go:335.2,336.30 2 0
github.com/hadnu/arcanum/internal/engine/derive/character.go:336.30,337.16 1 0
github.com/hadnu/arcanum/internal/engine/derive/character.go:337.16,339.4 1 0
github.com/hadnu/arcanum/internal/engine/derive/character.go:341.2,341.15 1 0
github.com/hadnu/arcanum/internal/engine/derive/character.go:344.113,345.33 1 0
github.com/hadnu/arcanum/internal/engine/derive/character.go:345.33,347.58 2 0
github.com/hadnu/arcanum/internal/engine/derive/character.go:347.58,349.49 1 0
github.com/hadnu/arcanum/internal/engine/derive/character.go:349.49,350.36 1 0
github.com/hadnu/arcanum/internal/engine/derive/character.go:350.36,351.55 1 0
github.com/hadnu/arcanum/internal/engine/derive/character.go:351.55,353.48 2 0
github.com/hadnu/arcanum/internal/engine/derive/character.go:353.48,354.21 1 0
github.com/hadnu/arcanum/internal/engine/derive/character.go:354.21,356.9 1 0
github.com/hadnu/arcanum/internal/engine/derive/character.go:358.7,358.20 1 0
github.com/hadnu/arcanum/internal/engine/derive/character.go:363.4,364.20 2 0
github.com/hadnu/arcanum/internal/engine/derive/character.go:364.20,366.5 1 0
github.com/hadnu/arcanum/internal/engine/derive/character.go:366.10,366.27 1 0
github.com/hadnu/arcanum/internal/engine/derive/character.go:366.27,368.5 1 0
github.com/hadnu/arcanum/internal/engine/derive/character.go:368.10,368.27 1 0
github.com/hadnu/arcanum/internal/engine/derive/character.go:368.27,370.5 1 0
github.com/hadnu/arcanum/internal/engine/derive/character.go:370.10,370.27 1 0
github.com/hadnu/arcanum/internal/engine/derive/character.go:370.27,372.5 1 0
github.com/hadnu/arcanum/internal/engine/derive/character.go:373.4,374.21 2 0
github.com/hadnu/arcanum/internal/engine/derive/character.go:374.21,376.5 1 0
github.com/hadnu/arcanum/internal/engine/derive/character.go:376.10,376.27 1 0
github.com/hadnu/arcanum/internal/engine/derive/character.go:376.27,378.5 1 0
github.com/hadnu/arcanum/internal/engine/derive/character.go:379.4,381.5 1 0
github.com/hadnu/arcanum/internal/engine/derive/character.go:384.2,384.12 1 0
github.com/hadnu/arcanum/internal/engine/derive/character.go:387.72,389.2 1 0
github.com/hadnu/arcanum/internal/engine/derive/character.go:391.38,393.2 1 0
github.com/hadnu/arcanum/internal/engine/derive/character.go:395.37,397.2 1 0
github.com/hadnu/arcanum/internal/engine/derive/character.go:399.70,400.12 1 0
github.com/hadnu/arcanum/internal/engine/derive/character.go:401.17,402.20 1 0
github.com/hadnu/arcanum/internal/engine/derive/character.go:403.17,404.20 1 0
github.com/hadnu/arcanum/internal/engine/derive/character.go:405.17,406.20 1 0
github.com/hadnu/arcanum/internal/engine/derive/character.go:407.17,408.20 1 0
github.com/hadnu/arcanum/internal/engine/derive/character.go:409.17,410.20 1 0
github.com/hadnu/arcanum/internal/engine/derive/character.go:411.17,412.20 1 0
github.com/hadnu/arcanum/internal/engine/derive/character.go:413.10,414.12 1 0
github.com/hadnu/arcanum/internal/engine/plan/combat.go:21.91,29.8 7 0
github.com/hadnu/arcanum/internal/engine/plan/combat.go:29.8,31.3 1 0
github.com/hadnu/arcanum/internal/engine/plan/combat.go:33.2,36.9 3 0
github.com/hadnu/arcanum/internal/engine/plan/combat.go:36.9,40.3 3 0
github.com/hadnu/arcanum/internal/engine/plan/combat.go:42.2,55.3 1 0
github.com/hadnu/arcanum/internal/engine/plan/combat.go:58.75,60.12 2 0
github.com/hadnu/arcanum/internal/engine/plan/combat.go:60.12,62.3 1 0
github.com/hadnu/arcanum/internal/engine/plan/combat.go:63.2,78.3 2 0
github.com/hadnu/arcanum/internal/engine/plan/combat.go:81.49,83.34 2 0
github.com/hadnu/arcanum/internal/engine/plan/combat.go:83.34,85.3 1 0
github.com/hadnu/arcanum/internal/engine/plan/combat.go:86.2,86.15 1 0
github.com/hadnu/arcanum/internal/engine/plan/combat.go:89.37,91.2 1 0
github.com/hadnu/arcanum/internal/schemas/content/content.go:255.43,266.2 1 0
github.com/hadnu/arcanum/internal/rng/rng.go:17.34,19.2 1 0
github.com/hadnu/arcanum/internal/rng/rng.go:21.43,23.2 1 0
github.com/hadnu/arcanum/internal/rng/rng.go:25.38,27.2 1 0
github.com/hadnu/arcanum/internal/rng/rng.go:29.39,31.2 1 0
github.com/hadnu/arcanum/internal/rng/rng.go:33.27,35.2 1 0
github.com/hadnu/arcanum/internal/rng/rng.go:37.38,39.2 1 0
github.com/hadnu/arcanum/internal/rng/rng.go:47.67,50.29 3 0
github.com/hadnu/arcanum/internal/rng/rng.go:50.29,53.3 2 0
github.com/hadnu/arcanum/internal/rng/rng.go:54.2,55.71 2 0
github.com/hadnu/arcanum/internal/schemas/effects.go:38.45,38.46 0 0
github.com/hadnu/arcanum/internal/schemas/effects.go:42.49,42.50 0 0
github.com/hadnu/arcanum/internal/schemas/effects.go:46.49,46.50 0 0
github.com/hadnu/arcanum/internal/schemas/effects.go:52.47,52.48 0 0
github.com/hadnu/arcanum/internal/schemas/effects.go:58.48,58.49 0 0
github.com/hadnu/arcanum/internal/schemas/effects.go:64.48,64.49 0 0
github.com/hadnu/arcanum/internal/schemas/effects.go:72.41,72.42 0 0
github.com/hadnu/arcanum/internal/schemas/effects.go:78.39,78.40 0 0
github.com/hadnu/arcanum/internal/schemas/effects.go:84.40,84.41 0 0
github.com/hadnu/arcanum/internal/schemas/effects.go:90.40,90.41 0 0
github.com/hadnu/arcanum/internal/schemas/effects.go:120.51,121.9 1 0
github.com/hadnu/arcanum/internal/schemas/effects.go:122.18,123.28 1 0
github.com/hadnu/arcanum/internal/schemas/effects.go:124.22,125.32 1 0
github.com/hadnu/arcanum/internal/schemas/effects.go:126.22,127.32 1 0
github.com/hadnu/arcanum/internal/schemas/effects.go:128.27,129.52 1 0
github.com/hadnu/arcanum/internal/schemas/effects.go:130.28,131.54 1 0
github.com/hadnu/arcanum/internal/schemas/effects.go:132.28,133.52 1 0
github.com/hadnu/arcanum/internal/schemas/effects.go:134.10,135.13 1 0
github.com/hadnu/arcanum/internal/schemas/runtime/campaign.go:52.39,59.2 1 0
github.com/hadnu/arcanum/internal/types/id.go:16.35,18.2 1 0
github.com/hadnu/arcanum/internal/types/id.go:20.54,22.16 2 0
github.com/hadnu/arcanum/internal/types/id.go:22.16,24.3 1 0
github.com/hadnu/arcanum/internal/types/id.go:25.2,25.28 1 0
github.com/hadnu/arcanum/internal/types/id.go:28.39,28.66 1 0
github.com/hadnu/arcanum/internal/types/id.go:32.33,34.2 1 0
github.com/hadnu/arcanum/internal/types/id.go:36.38,36.65 1 0
github.com/hadnu/arcanum/internal/types/id.go:40.41,42.2 1 0
github.com/hadnu/arcanum/internal/types/id.go:44.42,44.69 1 0
github.com/hadnu/arcanum/internal/types/id.go:48.27,50.2 1 0
github.com/hadnu/arcanum/internal/types/id.go:52.35,52.62 1 0
github.com/hadnu/arcanum/internal/types/id.go:56.33,58.2 1 0
github.com/hadnu/arcanum/internal/types/id.go:60.38,60.65 1 0
github.com/hadnu/arcanum/internal/types/id.go:64.35,66.2 1 0
github.com/hadnu/arcanum/internal/types/id.go:68.39,68.66 1 0
github.com/hadnu/arcanum/internal/types/id.go:72.27,74.2 1 0
github.com/hadnu/arcanum/internal/types/id.go:76.35,76.62 1 0
github.com/hadnu/arcanum/internal/types/id.go:80.35,80.56 1 0
github.com/hadnu/arcanum/internal/types/id.go:84.37,84.58 1 0
github.com/hadnu/arcanum/internal/types/id.go:88.40,88.61 1 0
github.com/hadnu/arcanum/internal/types/id.go:92.35,92.56 1 0
github.com/hadnu/arcanum/internal/types/id.go:96.39,96.60 1 0
github.com/hadnu/arcanum/internal/types/id.go:100.46,100.67 1 0
github.com/hadnu/arcanum/internal/types/id.go:104.44,104.65 1 0
github.com/hadnu/arcanum/internal/types/id.go:108.34,108.55 1 0
github.com/hadnu/arcanum/internal/types/id.go:112.38,112.59 1 0
github.com/hadnu/arcanum/internal/types/id.go:116.45,118.2 1 0
github.com/hadnu/arcanum/internal/types/id.go:120.44,120.71 1 0
github.com/hadnu/arcanum/internal/types/id.go:124.41,124.62 1 0
github.com/hadnu/arcanum/internal/types/id.go:133.30,135.2 1 0
github.com/hadnu/arcanum/internal/types/id.go:137.32,139.2 1 0
github.com/hadnu/arcanum/internal/types/primitives.go:137.60,138.15 1 0
github.com/hadnu/arcanum/internal/types/primitives.go:139.23,140.13 1 0
github.com/hadnu/arcanum/internal/types/primitives.go:141.29,142.11 1 0
github.com/hadnu/arcanum/internal/types/primitives.go:143.28,144.11 1 0
github.com/hadnu/arcanum/internal/types/primitives.go:145.10,146.11 1 0
github.com/hadnu/arcanum/internal/types/primitives.go:218.41,219.20 1 0
github.com/hadnu/arcanum/internal/types/primitives.go:219.20,221.3 1 0
github.com/hadnu/arcanum/internal/types/primitives.go:222.2,222.20 1 0
github.com/hadnu/arcanum/internal/types/primitives.go:222.20,224.3 1 0
github.com/hadnu/arcanum/internal/types/primitives.go:225.2,225.45 1 0
